GROUP,PACKAGE,CLASS,INSTRUCTION_MISSED,INSTRUCTION_COVERED,BRANCH_MISSED,BRANCH_COVERED,LINE_MISSED,LINE_COVERED,COMPLEXITY_MISSED,COMPLEXITY_COVERED,METHOD_MISSED,METHOD_COVERED
helm-maven-plugin,de.eitco.cicd.helm.helm_maven_plugin,HelpMojo,773,0,112,0,156,0,72,0,16,0
helm-maven-plugin,de.eitco.commons.helm.maven.plugin,HelmPackageMojo,23,115,1,1,3,17,2,3,1,3
helm-maven-plugin,de.eitco.commons.helm.maven.plugin,AbstractHelmMojo,0,81,0,2,0,16,0,9,0,8
helm-maven-plugin,de.eitco.commons.helm.maven.plugin,AbstractHelmWagonMojo,124,11,12,0,24,4,12,1,6,1
helm-maven-plugin,de.eitco.commons.helm.maven.plugin,HelmDependency,55,0,0,0,16,0,11,0,11,0
helm-maven-plugin,de.eitco.commons.helm.maven.plugin,DeployHelmFileMojo,60,0,4,0,15,0,4,0,2,0
helm-maven-plugin,de.eitco.commons.helm.maven.plugin,Chart,4,58,0,0,2,22,1,13,1,13
helm-maven-plugin,de.eitco.commons.helm.maven.plugin,HelmDependencyDeclaration,81,0,4,0,18,0,8,0,6,0
helm-maven-plugin,de.eitco.commons.helm.maven.plugin,DownloadDependenciesMojo,383,89,34,2,74,15,26,2,8,2
helm-maven-plugin,de.eitco.commons.helm.maven.plugin,WagonDisconnectionException,8,0,0,0,3,0,2,0,2,0
helm-maven-plugin,de.eitco.commons.helm.maven.plugin,DownloadHelmMojo,0,10,0,0,0,4,0,2,0,2
helm-maven-plugin,de.eitco.commons.helm.maven.plugin,MavenArtifact,44,0,0,0,18,0,11,0,11,0
helm-maven-plugin,de.eitco.commons.helm.maven.plugin,ClosableWagon,176,0,2,0,59,0,32,0,31,0
helm-maven-plugin,de.eitco.commons.helm.maven.plugin,HelmBinaryHolder,0,16,0,0,0,5,0,3,0,3
helm-maven-plugin,de.eitco.commons.helm.maven.plugin,GenerateHelmSourcesMojo,8,37,0,0,2,9,0,2,0,2
helm-maven-plugin,de.eitco.commons.helm.maven.plugin,HelmDependencyMetaDataReader,0,13,0,0,0,2,0,1,0,1
helm-maven-plugin,de.eitco.commons.helm.maven.plugin.repository.index,HelmRepositoryInfo,274,0,34,0,61,0,35,0,18,0
helm-maven-plugin,de.eitco.commons.helm.maven.plugin.repository.index,IndexEntry,24,0,0,0,10,0,7,0,7,0
helm-maven-plugin,de.eitco.commons.helm.maven.plugin.repository.index,HelmRepositoryIndex,10,0,0,0,4,0,3,0,3,0
