<?xml version="1.0" encoding="UTF-8" standalone="yes"?><!DOCTYPE report PUBLIC "-//JACOCO//DTD Report 1.1//EN" "report.dtd"><report name="typescript-maven-plugin"><sessioninfo id="fv-az802-878-14694744" start="1738838779194" dump="1738838790237"/><sessioninfo id="fv-az802-878-6be60e5a" start="1738838791091" dump="1738838804479"/><sessioninfo id="fv-az802-878-7efb5e83" start="1738838804763" dump="1738838829650"/><package name="de/eitco/cicd/typescript_maven_plugin"><class name="de/eitco/cicd/typescript_maven_plugin/HelpMojo" sourcefilename="HelpMojo.java"><method name="&lt;init&gt;" desc="()V" line="28"><counter type="INSTRUCTION" missed="3" covered="0"/><counter type="LINE" missed="1" covered="0"/><counter type="COMPLEXITY" missed="1" covered="0"/><counter type="METHOD" missed="1" covered="0"/></method><method name="build" desc="()Lorg/w3c/dom/Document;" line="68"><counter type="INSTRUCTION" missed="51" covered="0"/><counter type="BRANCH" missed="2" covered="0"/><counter type="LINE" missed="13" covered="0"/><counter type="COMPLEXITY" missed="2" covered="0"/><counter type="METHOD" missed="1" covered="0"/></method><method name="execute" desc="()V" line="100"><counter type="INSTRUCTION" missed="154" covered="0"/><counter type="BRANCH" missed="20" covered="0"/><counter type="LINE" missed="31" covered="0"/><counter type="COMPLEXITY" missed="11" covered="0"/><counter type="METHOD" missed="1" covered="0"/></method><method name="isNotEmpty" desc="(Ljava/lang/String;)Z" line="165"><counter type="INSTRUCTION" missed="9" covered="0"/><counter type="BRANCH" missed="4" covered="0"/><counter type="LINE" missed="1" covered="0"/><counter type="COMPLEXITY" missed="3" covered="0"/><counter type="METHOD" missed="1" covered="0"/></method><method name="getValue" desc="(Lorg/w3c/dom/Node;Ljava/lang/String;)Ljava/lang/String;" line="171"><counter type="INSTRUCTION" missed="5" covered="0"/><counter type="LINE" missed="1" covered="0"/><counter type="COMPLEXITY" missed="1" covered="0"/><counter type="METHOD" missed="1" covered="0"/></method><method name="getSingleChild" desc="(Lorg/w3c/dom/Node;Ljava/lang/String;)Lorg/w3c/dom/Node;" line="177"><counter type="INSTRUCTION" missed="28" covered="0"/><counter type="BRANCH" missed="4" covered="0"/><counter type="LINE" missed="6" covered="0"/><counter type="COMPLEXITY" missed="3" covered="0"/><counter type="METHOD" missed="1" covered="0"/></method><method name="findNamedChild" desc="(Lorg/w3c/dom/Node;Ljava/lang/String;)Ljava/util/List;" line="191"><counter type="INSTRUCTION" missed="30" covered="0"/><counter type="BRANCH" missed="4" covered="0"/><counter type="LINE" missed="7" covered="0"/><counter type="COMPLEXITY" missed="3" covered="0"/><counter type="METHOD" missed="1" covered="0"/></method><method name="findSingleChild" desc="(Lorg/w3c/dom/Node;Ljava/lang/String;)Lorg/w3c/dom/Node;" line="207"><counter type="INSTRUCTION" missed="24" covered="0"/><counter type="BRANCH" missed="4" covered="0"/><counter type="LINE" missed="6" covered="0"/><counter type="COMPLEXITY" missed="3" covered="0"/><counter type="METHOD" missed="1" covered="0"/></method><method name="writeGoal" desc="(Ljava/lang/StringBuilder;Ljava/lang/String;Lorg/w3c/dom/Element;)V" line="222"><counter type="INSTRUCTION" missed="116" covered="0"/><counter type="BRANCH" missed="20" covered="0"/><counter type="LINE" missed="23" covered="0"/><counter type="COMPLEXITY" missed="11" covered="0"/><counter type="METHOD" missed="1" covered="0"/></method><method name="writeParameter" desc="(Ljava/lang/StringBuilder;Lorg/w3c/dom/Node;Lorg/w3c/dom/Node;)V" line="262"><counter type="INSTRUCTION" missed="100" covered="0"/><counter type="BRANCH" missed="18" covered="0"/><counter type="LINE" missed="22" covered="0"/><counter type="COMPLEXITY" missed="10" covered="0"/><counter type="METHOD" missed="1" covered="0"/></method><method name="repeat" desc="(Ljava/lang/String;I)Ljava/lang/String;" line="310"><counter type="INSTRUCTION" missed="22" covered="0"/><counter type="BRANCH" missed="2" covered="0"/><counter type="LINE" missed="4" covered="0"/><counter type="COMPLEXITY" missed="2" covered="0"/><counter type="METHOD" missed="1" covered="0"/></method><method name="append" desc="(Ljava/lang/StringBuilder;Ljava/lang/String;I)V" line="330"><counter type="INSTRUCTION" missed="24" covered="0"/><counter type="BRANCH" missed="2" covered="0"/><counter type="LINE" missed="4" covered="0"/><counter type="COMPLEXITY" missed="2" covered="0"/><counter type="METHOD" missed="1" covered="0"/></method><method name="toLines" desc="(Ljava/lang/String;III)Ljava/util/List;" line="348"><counter type="INSTRUCTION" missed="37" covered="0"/><counter type="BRANCH" missed="2" covered="0"/><counter type="LINE" missed="6" covered="0"/><counter type="COMPLEXITY" missed="2" covered="0"/><counter type="METHOD" missed="1" covered="0"/></method><method name="toLines" desc="(Ljava/util/List;Ljava/lang/String;II)V" line="372"><counter type="INSTRUCTION" missed="104" covered="0"/><counter type="BRANCH" missed="12" covered="0"/><counter type="LINE" missed="19" covered="0"/><counter type="COMPLEXITY" missed="7" covered="0"/><counter type="METHOD" missed="1" covered="0"/></method><method name="getIndentLevel" desc="(Ljava/lang/String;)I" line="421"><counter type="INSTRUCTION" missed="40" covered="0"/><counter type="BRANCH" missed="10" covered="0"/><counter type="LINE" missed="8" covered="0"/><counter type="COMPLEXITY" missed="6" covered="0"/><counter type="METHOD" missed="1" covered="0"/></method><method name="getPropertyFromExpression" desc="(Ljava/lang/String;)Ljava/lang/String;" line="439"><counter type="INSTRUCTION" missed="26" covered="0"/><counter type="BRANCH" missed="8" covered="0"/><counter type="LINE" missed="4" covered="0"/><counter type="COMPLEXITY" missed="5" covered="0"/><counter type="METHOD" missed="1" covered="0"/></method><counter type="INSTRUCTION" missed="773" covered="0"/><counter type="BRANCH" missed="112" covered="0"/><counter type="LINE" missed="156" covered="0"/><counter type="COMPLEXITY" missed="72" covered="0"/><counter type="METHOD" missed="16" covered="0"/><counter type="CLASS" missed="1" covered="0"/></class><sourcefile name="HelpMojo.java"><line nr="28" mi="3" ci="0" mb="0" cb="0"/><line nr="68" mi="4" ci="0" mb="0" cb="0"/><line nr="69" mi="5" ci="0" mb="0" cb="0"/><line nr="71" mi="2" ci="0" mb="2" cb="0"/><line nr="73" mi="5" ci="0" mb="0" cb="0"/><line nr="75" mi="2" ci="0" mb="0" cb="0"/><line nr="76" mi="3" ci="0" mb="0" cb="0"/><line nr="77" mi="6" ci="0" mb="0" cb="0"/><line nr="79" mi="1" ci="0" mb="0" cb="0"/><line nr="81" mi="7" ci="0" mb="0" cb="0"/><line nr="83" mi="1" ci="0" mb="0" cb="0"/><line nr="85" mi="7" ci="0" mb="0" cb="0"/><line nr="87" mi="1" ci="0" mb="0" cb="0"/><line nr="89" mi="7" ci="0" mb="0" cb="0"/><line nr="100" mi="3" ci="0" mb="2" cb="0"/><line nr="102" mi="4" ci="0" mb="0" cb="0"/><line nr="103" mi="3" ci="0" mb="0" cb="0"/><line nr="105" mi="3" ci="0" mb="2" cb="0"/><line nr="107" mi="4" ci="0" mb="0" cb="0"/><line nr="108" mi="3" ci="0" mb="0" cb="0"/><line nr="111" mi="3" ci="0" mb="0" cb="0"/><line nr="113" mi="4" ci="0" mb="0" cb="0"/><line nr="114" mi="4" ci="0" mb="0" cb="0"/><line nr="117" mi="4" ci="0" mb="0" cb="0"/><line nr="118" mi="4" ci="0" mb="0" cb="0"/><line nr="119" mi="9" ci="0" mb="0" cb="0"/><line nr="120" mi="7" ci="0" mb="4" cb="0"/><line nr="122" mi="8" ci="0" mb="0" cb="0"/><line nr="126" mi="3" ci="0" mb="2" cb="0"/><line nr="128" mi="6" ci="0" mb="0" cb="0"/><line nr="132" mi="5" ci="0" mb="0" cb="0"/><line nr="135" mi="7" ci="0" mb="0" cb="0"/><line nr="136" mi="5" ci="0" mb="0" cb="0"/><line nr="139" mi="4" ci="0" mb="0" cb="0"/><line nr="141" mi="4" ci="0" mb="0" cb="0"/><line nr="143" mi="4" ci="0" mb="0" cb="0"/><line nr="145" mi="7" ci="0" mb="4" cb="0"/><line nr="147" mi="14" ci="0" mb="2" cb="0"/><line nr="148" mi="5" ci="0" mb="0" cb="0"/><line nr="151" mi="10" ci="0" mb="2" cb="0"/><line nr="153" mi="6" ci="0" mb="0" cb="0"/><line nr="154" mi="1" ci="0" mb="0" cb="0"/><line nr="156" mi="4" ci="0" mb="2" cb="0"/><line nr="158" mi="5" ci="0" mb="0" cb="0"/><line nr="160" mi="1" ci="0" mb="0" cb="0"/><line nr="165" mi="9" ci="0" mb="4" cb="0"/><line nr="171" mi="5" ci="0" mb="0" cb="0"/><line nr="177" mi="4" ci="0" mb="0" cb="0"/><line nr="178" mi="3" ci="0" mb="2" cb="0"/><line nr="180" mi="6" ci="0" mb="0" cb="0"/><line nr="182" mi="4" ci="0" mb="2" cb="0"/><line nr="184" mi="6" ci="0" mb="0" cb="0"/><line nr="186" mi="5" ci="0" mb="0" cb="0"/><line nr="191" mi="4" ci="0" mb="0" cb="0"/><line nr="192" mi="3" ci="0" mb="0" cb="0"/><line nr="193" mi="8" ci="0" mb="2" cb="0"/><line nr="195" mi="4" ci="0" mb="0" cb="0"/><line nr="196" mi="5" ci="0" mb="2" cb="0"/><line nr="198" mi="4" ci="0" mb="0" cb="0"/><line nr="201" mi="2" ci="0" mb="0" cb="0"/><line nr="207" mi="4" ci="0" mb="0" cb="0"/><line nr="208" mi="3" ci="0" mb="2" cb="0"/><line nr="210" mi="2" ci="0" mb="0" cb="0"/><line nr="212" mi="4" ci="0" mb="2" cb="0"/><line nr="214" mi="6" ci="0" mb="0" cb="0"/><line nr="216" mi="5" ci="0" mb="0" cb="0"/><line nr="222" mi="4" ci="0" mb="0" cb="0"/><line nr="223" mi="4" ci="0" mb="0" cb="0"/><line nr="224" mi="4" ci="0" mb="0" cb="0"/><line nr="225" mi="12" ci="0" mb="6" cb="0"/><line nr="227" mi="7" ci="0" mb="0" cb="0"/><line nr="228" mi="4" ci="0" mb="0" cb="0"/><line nr="229" mi="6" ci="0" mb="4" cb="0"/><line nr="231" mi="7" ci="0" mb="0" cb="0"/><line nr="232" mi="5" ci="0" mb="4" cb="0"/><line nr="234" mi="5" ci="0" mb="0" cb="0"/><line nr="235" mi="7" ci="0" mb="0" cb="0"/><line nr="238" mi="2" ci="0" mb="2" cb="0"/><line nr="240" mi="6" ci="0" mb="0" cb="0"/><line nr="242" mi="5" ci="0" mb="0" cb="0"/><line nr="244" mi="3" ci="0" mb="2" cb="0"/><line nr="246" mi="4" ci="0" mb="0" cb="0"/><line nr="247" mi="4" ci="0" mb="0" cb="0"/><line nr="248" mi="5" ci="0" mb="0" cb="0"/><line nr="249" mi="5" ci="0" mb="0" cb="0"/><line nr="251" mi="10" ci="0" mb="2" cb="0"/><line nr="253" mi="5" ci="0" mb="0" cb="0"/><line nr="254" mi="1" ci="0" mb="0" cb="0"/><line nr="257" mi="1" ci="0" mb="0" cb="0"/><line nr="262" mi="4" ci="0" mb="0" cb="0"/><line nr="263" mi="4" ci="0" mb="0" cb="0"/><line nr="265" mi="2" ci="0" mb="0" cb="0"/><line nr="266" mi="2" ci="0" mb="2" cb="0"/><line nr="268" mi="5" ci="0" mb="0" cb="0"/><line nr="271" mi="2" ci="0" mb="0" cb="0"/><line nr="272" mi="6" ci="0" mb="4" cb="0"/><line nr="274" mi="5" ci="0" mb="0" cb="0"/><line nr="276" mi="7" ci="0" mb="0" cb="0"/><line nr="277" mi="4" ci="0" mb="0" cb="0"/><line nr="278" mi="6" ci="0" mb="4" cb="0"/><line nr="280" mi="7" ci="0" mb="0" cb="0"/><line nr="281" mi="5" ci="0" mb="0" cb="0"/><line nr="283" mi="3" ci="0" mb="2" cb="0"/><line nr="284" mi="5" ci="0" mb="0" cb="0"/><line nr="286" mi="6" ci="0" mb="2" cb="0"/><line nr="288" mi="5" ci="0" mb="0" cb="0"/><line nr="290" mi="6" ci="0" mb="4" cb="0"/><line nr="292" mi="4" ci="0" mb="0" cb="0"/><line nr="293" mi="6" ci="0" mb="0" cb="0"/><line nr="296" mi="5" ci="0" mb="0" cb="0"/><line nr="297" mi="1" ci="0" mb="0" cb="0"/><line nr="310" mi="8" ci="0" mb="0" cb="0"/><line nr="312" mi="7" ci="0" mb="2" cb="0"/><line nr="314" mi="4" ci="0" mb="0" cb="0"/><line nr="317" mi="3" ci="0" mb="0" cb="0"/><line nr="330" mi="16" ci="0" mb="2" cb="0"/><line nr="332" mi="6" ci="0" mb="0" cb="0"/><line nr="333" mi="1" ci="0" mb="0" cb="0"/><line nr="334" mi="1" ci="0" mb="0" cb="0"/><line nr="348" mi="4" ci="0" mb="0" cb="0"/><line nr="350" mi="4" ci="0" mb="0" cb="0"/><line nr="352" mi="4" ci="0" mb="0" cb="0"/><line nr="354" mi="16" ci="0" mb="2" cb="0"/><line nr="356" mi="7" ci="0" mb="0" cb="0"/><line nr="359" mi="2" ci="0" mb="0" cb="0"/><line nr="372" mi="3" ci="0" mb="0" cb="0"/><line nr="373" mi="5" ci="0" mb="0" cb="0"/><line nr="375" mi="4" ci="0" mb="0" cb="0"/><line nr="377" mi="16" ci="0" mb="2" cb="0"/><line nr="379" mi="3" ci="0" mb="2" cb="0"/><line nr="381" mi="7" ci="0" mb="2" cb="0"/><line nr="383" mi="5" ci="0" mb="0" cb="0"/><line nr="384" mi="3" ci="0" mb="0" cb="0"/><line nr="385" mi="9" ci="0" mb="0" cb="0"/><line nr="389" mi="4" ci="0" mb="0" cb="0"/><line nr="393" mi="8" ci="0" mb="2" cb="0"/><line nr="395" mi="4" ci="0" mb="0" cb="0"/><line nr="396" mi="3" ci="0" mb="2" cb="0"/><line nr="398" mi="12" ci="0" mb="0" cb="0"/><line nr="400" mi="3" ci="0" mb="2" cb="0"/><line nr="402" mi="5" ci="0" mb="0" cb="0"/><line nr="406" mi="4" ci="0" mb="0" cb="0"/><line nr="410" mi="5" ci="0" mb="0" cb="0"/><line nr="411" mi="1" ci="0" mb="0" cb="0"/><line nr="421" mi="2" ci="0" mb="0" cb="0"/><line nr="422" mi="13" ci="0" mb="4" cb="0"/><line nr="424" mi="1" ci="0" mb="0" cb="0"/><line nr="426" mi="15" ci="0" mb="4" cb="0"/><line nr="428" mi="5" ci="0" mb="2" cb="0"/><line nr="430" mi="1" ci="0" mb="0" cb="0"/><line nr="431" mi="1" ci="0" mb="0" cb="0"/><line nr="434" mi="2" ci="0" mb="0" cb="0"/><line nr="439" mi="12" ci="0" mb="6" cb="0"/><line nr="440" mi="4" ci="0" mb="2" cb="0"/><line nr="443" mi="8" ci="0" mb="0" cb="0"/><line nr="446" mi="2" ci="0" mb="0" cb="0"/><counter type="INSTRUCTION" missed="773" covered="0"/><counter type="BRANCH" missed="112" covered="0"/><counter type="LINE" missed="156" covered="0"/><counter type="COMPLEXITY" missed="72" covered="0"/><counter type="METHOD" missed="16" covered="0"/><counter type="CLASS" missed="1" covered="0"/></sourcefile><counter type="INSTRUCTION" missed="773" covered="0"/><counter type="BRANCH" missed="112" covered="0"/><counter type="LINE" missed="156" covered="0"/><counter type="COMPLEXITY" missed="72" covered="0"/><counter type="METHOD" missed="16" covered="0"/><counter type="CLASS" missed="1" covered="0"/></package><package name="de/eitco/cicd/typescript/maven/plugin"><class name="de/eitco/cicd/typescript/maven/plugin/NpmDependency" sourcefilename="NpmDependency.java"><method name="&lt;init&gt;" desc="()V" line="10"><counter type="INSTRUCTION" missed="0" covered="6"/><counter type="LINE" missed="0" covered="2"/><counter type="COMPLEXITY" missed="0" covered="1"/><counter type="METHOD" missed="0" covered="1"/></method><method name="getName" desc="()Ljava/lang/String;" line="17"><counter type="INSTRUCTION" missed="0" covered="3"/><counter type="LINE" missed="0" covered="1"/><counter type="COMPLEXITY" missed="0" covered="1"/><counter type="METHOD" missed="0" covered="1"/></method><method name="setName" desc="(Ljava/lang/String;)Lde/eitco/cicd/typescript/maven/plugin/NpmDependency;" line="21"><counter type="INSTRUCTION" missed="0" covered="5"/><counter type="LINE" missed="0" covered="2"/><counter type="COMPLEXITY" missed="0" covered="1"/><counter type="METHOD" missed="0" covered="1"/></method><method name="getVersion" desc="()Ljava/lang/String;" line="26"><counter type="INSTRUCTION" missed="0" covered="3"/><counter type="LINE" missed="0" covered="1"/><counter type="COMPLEXITY" missed="0" covered="1"/><counter type="METHOD" missed="0" covered="1"/></method><method name="setVersion" desc="(Ljava/lang/String;)Lde/eitco/cicd/typescript/maven/plugin/NpmDependency;" line="30"><counter type="INSTRUCTION" missed="0" covered="5"/><counter type="LINE" missed="0" covered="2"/><counter type="COMPLEXITY" missed="0" covered="1"/><counter type="METHOD" missed="0" covered="1"/></method><method name="getType" desc="()Lde/eitco/cicd/typescript/maven/plugin/DependencyType;" line="35"><counter type="INSTRUCTION" missed="0" covered="3"/><counter type="LINE" missed="0" covered="1"/><counter type="COMPLEXITY" missed="0" covered="1"/><counter type="METHOD" missed="0" covered="1"/></method><method name="setType" desc="(Lde/eitco/cicd/typescript/maven/plugin/DependencyType;)Lde/eitco/cicd/typescript/maven/plugin/NpmDependency;" line="39"><counter type="INSTRUCTION" missed="0" covered="5"/><counter type="LINE" missed="0" covered="2"/><counter type="COMPLEXITY" missed="0" covered="1"/><counter type="METHOD" missed="0" covered="1"/></method><counter type="INSTRUCTION" missed="0" covered="30"/><counter type="LINE" missed="0" covered="11"/><counter type="COMPLEXITY" missed="0" covered="7"/><counter type="METHOD" missed="0" covered="7"/><counter type="CLASS" missed="0" covered="1"/></class><class name="de/eitco/cicd/typescript/maven/plugin/Reference" sourcefilename="Reference.java"><method name="&lt;init&gt;" desc="()V" line="10"><counter type="INSTRUCTION" missed="3" covered="0"/><counter type="LINE" missed="1" covered="0"/><counter type="COMPLEXITY" missed="1" covered="0"/><counter type="METHOD" missed="1" covered="0"/></method><method name="getPath" desc="()Ljava/lang/String;" line="15"><counter type="INSTRUCTION" missed="3" covered="0"/><counter type="LINE" missed="1" covered="0"/><counter type="COMPLEXITY" missed="1" covered="0"/><counter type="METHOD" missed="1" covered="0"/></method><method name="setPath" desc="(Ljava/lang/String;)Lde/eitco/cicd/typescript/maven/plugin/Reference;" line="19"><counter type="INSTRUCTION" missed="5" covered="0"/><counter type="LINE" missed="2" covered="0"/><counter type="COMPLEXITY" missed="1" covered="0"/><counter type="METHOD" missed="1" covered="0"/></method><counter type="INSTRUCTION" missed="11" covered="0"/><counter type="LINE" missed="4" covered="0"/><counter type="COMPLEXITY" missed="3" covered="0"/><counter type="METHOD" missed="3" covered="0"/><counter type="CLASS" missed="1" covered="0"/></class><class name="de/eitco/cicd/typescript/maven/plugin/AbstractTypescriptMojo" sourcefilename="AbstractTypescriptMojo.java"><method name="&lt;init&gt;" desc="()V" line="31"><counter type="INSTRUCTION" missed="0" covered="60"/><counter type="LINE" missed="0" covered="18"/><counter type="COMPLEXITY" missed="0" covered="1"/><counter type="METHOD" missed="0" covered="1"/></method><method name="skipExecution" desc="()Z" line="221"><counter type="INSTRUCTION" missed="0" covered="3"/><counter type="LINE" missed="0" covered="1"/><counter type="COMPLEXITY" missed="0" covered="1"/><counter type="METHOD" missed="0" covered="1"/></method><method name="getPackageFile" desc="()Ljava/io/File;" line="226"><counter type="INSTRUCTION" missed="0" covered="17"/><counter type="LINE" missed="0" covered="4"/><counter type="COMPLEXITY" missed="0" covered="1"/><counter type="METHOD" missed="0" covered="1"/></method><method name="allDependencies" desc="()Ljava/util/stream/Stream;" line="237"><counter type="INSTRUCTION" missed="5" covered="25"/><counter type="BRANCH" missed="1" covered="1"/><counter type="LINE" missed="1" covered="6"/><counter type="COMPLEXITY" missed="1" covered="1"/><counter type="METHOD" missed="0" covered="1"/></method><method name="makeProjectVersion" desc="()Ljava/lang/String;" line="259"><counter type="INSTRUCTION" missed="5" covered="20"/><counter type="BRANCH" missed="2" covered="2"/><counter type="LINE" missed="1" covered="5"/><counter type="COMPLEXITY" missed="2" covered="1"/><counter type="METHOD" missed="0" covered="1"/></method><method name="makeProjectBuilder" desc="()Lde/eitco/cicd/typescript/maven/plugin/NpmProjectBuilder;" line="274"><counter type="INSTRUCTION" missed="6" covered="97"/><counter type="BRANCH" missed="2" covered="2"/><counter type="LINE" missed="1" covered="18"/><counter type="COMPLEXITY" missed="2" covered="1"/><counter type="METHOD" missed="0" covered="1"/></method><method name="lambda$makeProjectBuilder$2" desc="(Lde/eitco/cicd/typescript/maven/plugin/NpmProjectBuilder;Lorg/eclipse/aether/graph/Dependency;Lde/eitco/cicd/typescript/maven/plugin/Package;)V" line="313"><counter type="INSTRUCTION" missed="0" covered="15"/><counter type="LINE" missed="0" covered="5"/><counter type="COMPLEXITY" missed="0" covered="1"/><counter type="METHOD" missed="0" covered="1"/></method><method name="lambda$allDependencies$1" desc="(Ljava/util/Map;Lde/eitco/cicd/typescript/maven/plugin/NpmDependency;)V" line="248"><counter type="INSTRUCTION" missed="0" covered="12"/><counter type="LINE" missed="0" covered="3"/><counter type="COMPLEXITY" missed="0" covered="1"/><counter type="METHOD" missed="0" covered="1"/></method><method name="lambda$allDependencies$0" desc="(Ljava/util/Map;Lde/eitco/cicd/typescript/maven/plugin/NpmDependency;)V" line="244"><counter type="INSTRUCTION" missed="7" covered="0"/><counter type="LINE" missed="1" covered="0"/><counter type="COMPLEXITY" missed="1" covered="0"/><counter type="METHOD" missed="1" covered="0"/></method><method name="&lt;clinit&gt;" desc="()V" line="34"><counter type="INSTRUCTION" missed="0" covered="4"/><counter type="LINE" missed="0" covered="1"/><counter type="COMPLEXITY" missed="0" covered="1"/><counter type="METHOD" missed="0" covered="1"/></method><counter type="INSTRUCTION" missed="23" covered="253"/><counter type="BRANCH" missed="5" covered="5"/><counter type="LINE" missed="3" covered="61"/><counter type="COMPLEXITY" missed="6" covered="9"/><counter type="METHOD" missed="1" covered="9"/><counter type="CLASS" missed="0" covered="1"/></class><class name="de/eitco/cicd/typescript/maven/plugin/CompilerOptions" sourcefilename="CompilerOptions.java"><method name="&lt;init&gt;" desc="()V" line="16"><counter type="INSTRUCTION" missed="0" covered="3"/><counter type="LINE" missed="0" covered="1"/><counter type="COMPLEXITY" missed="0" covered="1"/><counter type="METHOD" missed="0" covered="1"/></method><method name="getAllowUnreachableCode" desc="()Ljava/lang/Boolean;" line="115"><counter type="INSTRUCTION" missed="0" covered="3"/><counter type="LINE" missed="0" covered="1"/><counter type="COMPLEXITY" missed="0" covered="1"/><counter type="METHOD" missed="0" covered="1"/></method><method name="setAllowUnreachableCode" desc="(Ljava/lang/Boolean;)Lde/eitco/cicd/typescript/maven/plugin/CompilerOptions;" line="119"><counter type="INSTRUCTION" missed="5" covered="0"/><counter type="LINE" missed="2" covered="0"/><counter type="COMPLEXITY" missed="1" covered="0"/><counter type="METHOD" missed="1" covered="0"/></method><method name="getAllowUnusedLabels" desc="()Ljava/lang/Boolean;" line="124"><counter type="INSTRUCTION" missed="0" covered="3"/><counter type="LINE" missed="0" covered="1"/><counter type="COMPLEXITY" missed="0" covered="1"/><counter type="METHOD" missed="0" covered="1"/></method><method name="setAllowUnusedLabels" desc="(Ljava/lang/Boolean;)Lde/eitco/cicd/typescript/maven/plugin/CompilerOptions;" line="128"><counter type="INSTRUCTION" missed="5" covered="0"/><counter type="LINE" missed="2" covered="0"/><counter type="COMPLEXITY" missed="1" covered="0"/><counter type="METHOD" missed="1" covered="0"/></method><method name="getAlwaysStrict" desc="()Ljava/lang/Boolean;" line="133"><counter type="INSTRUCTION" missed="0" covered="3"/><counter type="LINE" missed="0" covered="1"/><counter type="COMPLEXITY" missed="0" covered="1"/><counter type="METHOD" missed="0" covered="1"/></method><method name="setAlwaysStrict" desc="(Ljava/lang/Boolean;)Lde/eitco/cicd/typescript/maven/plugin/CompilerOptions;" line="137"><counter type="INSTRUCTION" missed="5" covered="0"/><counter type="LINE" missed="2" covered="0"/><counter type="COMPLEXITY" missed="1" covered="0"/><counter type="METHOD" missed="1" covered="0"/></method><method name="getExactOptionalPropertyTypes" desc="()Ljava/lang/Boolean;" line="142"><counter type="INSTRUCTION" missed="0" covered="3"/><counter type="LINE" missed="0" covered="1"/><counter type="COMPLEXITY" missed="0" covered="1"/><counter type="METHOD" missed="0" covered="1"/></method><method name="setExactOptionalPropertyTypes" desc="(Ljava/lang/Boolean;)Lde/eitco/cicd/typescript/maven/plugin/CompilerOptions;" line="146"><counter type="INSTRUCTION" missed="5" covered="0"/><counter type="LINE" missed="2" covered="0"/><counter type="COMPLEXITY" missed="1" covered="0"/><counter type="METHOD" missed="1" covered="0"/></method><method name="getNoFallthroughCasesInSwitch" desc="()Ljava/lang/Boolean;" line="151"><counter type="INSTRUCTION" missed="0" covered="3"/><counter type="LINE" missed="0" covered="1"/><counter type="COMPLEXITY" missed="0" covered="1"/><counter type="METHOD" missed="0" covered="1"/></method><method name="setNoFallthroughCasesInSwitch" desc="(Ljava/lang/Boolean;)Lde/eitco/cicd/typescript/maven/plugin/CompilerOptions;" line="155"><counter type="INSTRUCTION" missed="5" covered="0"/><counter type="LINE" missed="2" covered="0"/><counter type="COMPLEXITY" missed="1" covered="0"/><counter type="METHOD" missed="1" covered="0"/></method><method name="getNoImplicitAny" desc="()Ljava/lang/Boolean;" line="160"><counter type="INSTRUCTION" missed="0" covered="3"/><counter type="LINE" missed="0" covered="1"/><counter type="COMPLEXITY" missed="0" covered="1"/><counter type="METHOD" missed="0" covered="1"/></method><method name="setNoImplicitAny" desc="(Ljava/lang/Boolean;)Lde/eitco/cicd/typescript/maven/plugin/CompilerOptions;" line="164"><counter type="INSTRUCTION" missed="5" covered="0"/><counter type="LINE" missed="2" covered="0"/><counter type="COMPLEXITY" missed="1" covered="0"/><counter type="METHOD" missed="1" covered="0"/></method><method name="getNoImplicitOverride" desc="()Ljava/lang/Boolean;" line="169"><counter type="INSTRUCTION" missed="0" covered="3"/><counter type="LINE" missed="0" covered="1"/><counter type="COMPLEXITY" missed="0" covered="1"/><counter type="METHOD" missed="0" covered="1"/></method><method name="setNoImplicitOverride" desc="(Ljava/lang/Boolean;)Lde/eitco/cicd/typescript/maven/plugin/CompilerOptions;" line="173"><counter type="INSTRUCTION" missed="5" covered="0"/><counter type="LINE" missed="2" covered="0"/><counter type="COMPLEXITY" missed="1" covered="0"/><counter type="METHOD" missed="1" covered="0"/></method><method name="getNoImplicitReturns" desc="()Ljava/lang/Boolean;" line="178"><counter type="INSTRUCTION" missed="0" covered="3"/><counter type="LINE" missed="0" covered="1"/><counter type="COMPLEXITY" missed="0" covered="1"/><counter type="METHOD" missed="0" covered="1"/></method><method name="setNoImplicitReturns" desc="(Ljava/lang/Boolean;)Lde/eitco/cicd/typescript/maven/plugin/CompilerOptions;" line="182"><counter type="INSTRUCTION" missed="5" covered="0"/><counter type="LINE" missed="2" covered="0"/><counter type="COMPLEXITY" missed="1" covered="0"/><counter type="METHOD" missed="1" covered="0"/></method><method name="getNoImplicitThis" desc="()Ljava/lang/Boolean;" line="187"><counter type="INSTRUCTION" missed="0" covered="3"/><counter type="LINE" missed="0" covered="1"/><counter type="COMPLEXITY" missed="0" covered="1"/><counter type="METHOD" missed="0" covered="1"/></method><method name="setNoImplicitThis" desc="(Ljava/lang/Boolean;)Lde/eitco/cicd/typescript/maven/plugin/CompilerOptions;" line="191"><counter type="INSTRUCTION" missed="5" covered="0"/><counter type="LINE" missed="2" covered="0"/><counter type="COMPLEXITY" missed="1" covered="0"/><counter type="METHOD" missed="1" covered="0"/></method><method name="getNoPropertyAccessFromIndexSignature" desc="()Ljava/lang/Boolean;" line="196"><counter type="INSTRUCTION" missed="0" covered="3"/><counter type="LINE" missed="0" covered="1"/><counter type="COMPLEXITY" missed="0" covered="1"/><counter type="METHOD" missed="0" covered="1"/></method><method name="setNoPropertyAccessFromIndexSignature" desc="(Ljava/lang/Boolean;)Lde/eitco/cicd/typescript/maven/plugin/CompilerOptions;" line="200"><counter type="INSTRUCTION" missed="5" covered="0"/><counter type="LINE" missed="2" covered="0"/><counter type="COMPLEXITY" missed="1" covered="0"/><counter type="METHOD" missed="1" covered="0"/></method><method name="getNoUncheckedIndexedAccess" desc="()Ljava/lang/Boolean;" line="205"><counter type="INSTRUCTION" missed="0" covered="3"/><counter type="LINE" missed="0" covered="1"/><counter type="COMPLEXITY" missed="0" covered="1"/><counter type="METHOD" missed="0" covered="1"/></method><method name="setNoUncheckedIndexedAccess" desc="(Ljava/lang/Boolean;)Lde/eitco/cicd/typescript/maven/plugin/CompilerOptions;" line="209"><counter type="INSTRUCTION" missed="5" covered="0"/><counter type="LINE" missed="2" covered="0"/><counter type="COMPLEXITY" missed="1" covered="0"/><counter type="METHOD" missed="1" covered="0"/></method><method name="getNoUnusedLocals" desc="()Ljava/lang/Boolean;" line="214"><counter type="INSTRUCTION" missed="0" covered="3"/><counter type="LINE" missed="0" covered="1"/><counter type="COMPLEXITY" missed="0" covered="1"/><counter type="METHOD" missed="0" covered="1"/></method><method name="setNoUnusedLocals" desc="(Ljava/lang/Boolean;)Lde/eitco/cicd/typescript/maven/plugin/CompilerOptions;" line="218"><counter type="INSTRUCTION" missed="5" covered="0"/><counter type="LINE" missed="2" covered="0"/><counter type="COMPLEXITY" missed="1" covered="0"/><counter type="METHOD" missed="1" covered="0"/></method><method name="getNoUnusedParameters" desc="()Ljava/lang/Boolean;" line="223"><counter type="INSTRUCTION" missed="0" covered="3"/><counter type="LINE" missed="0" covered="1"/><counter type="COMPLEXITY" missed="0" covered="1"/><counter type="METHOD" missed="0" covered="1"/></method><method name="setNoUnusedParameters" desc="(Ljava/lang/Boolean;)Lde/eitco/cicd/typescript/maven/plugin/CompilerOptions;" line="227"><counter type="INSTRUCTION" missed="5" covered="0"/><counter type="LINE" missed="2" covered="0"/><counter type="COMPLEXITY" missed="1" covered="0"/><counter type="METHOD" missed="1" covered="0"/></method><method name="getStrict" desc="()Ljava/lang/Boolean;" line="232"><counter type="INSTRUCTION" missed="0" covered="3"/><counter type="LINE" missed="0" covered="1"/><counter type="COMPLEXITY" missed="0" covered="1"/><counter type="METHOD" missed="0" covered="1"/></method><method name="setStrict" desc="(Ljava/lang/Boolean;)Lde/eitco/cicd/typescript/maven/plugin/CompilerOptions;" line="236"><counter type="INSTRUCTION" missed="5" covered="0"/><counter type="LINE" missed="2" covered="0"/><counter type="COMPLEXITY" missed="1" covered="0"/><counter type="METHOD" missed="1" covered="0"/></method><method name="getStrictBindCallApply" desc="()Ljava/lang/Boolean;" line="241"><counter type="INSTRUCTION" missed="0" covered="3"/><counter type="LINE" missed="0" covered="1"/><counter type="COMPLEXITY" missed="0" covered="1"/><counter type="METHOD" missed="0" covered="1"/></method><method name="setStrictBindCallApply" desc="(Ljava/lang/Boolean;)Lde/eitco/cicd/typescript/maven/plugin/CompilerOptions;" line="245"><counter type="INSTRUCTION" missed="5" covered="0"/><counter type="LINE" missed="2" covered="0"/><counter type="COMPLEXITY" missed="1" covered="0"/><counter type="METHOD" missed="1" covered="0"/></method><method name="getStrictFunctionTypes" desc="()Ljava/lang/Boolean;" line="250"><counter type="INSTRUCTION" missed="0" covered="3"/><counter type="LINE" missed="0" covered="1"/><counter type="COMPLEXITY" missed="0" covered="1"/><counter type="METHOD" missed="0" covered="1"/></method><method name="setStrictFunctionTypes" desc="(Ljava/lang/Boolean;)Lde/eitco/cicd/typescript/maven/plugin/CompilerOptions;" line="254"><counter type="INSTRUCTION" missed="5" covered="0"/><counter type="LINE" missed="2" covered="0"/><counter type="COMPLEXITY" missed="1" covered="0"/><counter type="METHOD" missed="1" covered="0"/></method><method name="getStrictNullChecks" desc="()Ljava/lang/Boolean;" line="259"><counter type="INSTRUCTION" missed="0" covered="3"/><counter type="LINE" missed="0" covered="1"/><counter type="COMPLEXITY" missed="0" covered="1"/><counter type="METHOD" missed="0" covered="1"/></method><method name="setStrictNullChecks" desc="(Ljava/lang/Boolean;)Lde/eitco/cicd/typescript/maven/plugin/CompilerOptions;" line="263"><counter type="INSTRUCTION" missed="5" covered="0"/><counter type="LINE" missed="2" covered="0"/><counter type="COMPLEXITY" missed="1" covered="0"/><counter type="METHOD" missed="1" covered="0"/></method><method name="getStrictPropertyInitialization" desc="()Ljava/lang/Boolean;" line="268"><counter type="INSTRUCTION" missed="0" covered="3"/><counter type="LINE" missed="0" covered="1"/><counter type="COMPLEXITY" missed="0" covered="1"/><counter type="METHOD" missed="0" covered="1"/></method><method name="setStrictPropertyInitialization" desc="(Ljava/lang/Boolean;)Lde/eitco/cicd/typescript/maven/plugin/CompilerOptions;" line="272"><counter type="INSTRUCTION" missed="5" covered="0"/><counter type="LINE" missed="2" covered="0"/><counter type="COMPLEXITY" missed="1" covered="0"/><counter type="METHOD" missed="1" covered="0"/></method><method name="getUseUnknownInCatchVariables" desc="()Ljava/lang/Boolean;" line="277"><counter type="INSTRUCTION" missed="0" covered="3"/><counter type="LINE" missed="0" covered="1"/><counter type="COMPLEXITY" missed="0" covered="1"/><counter type="METHOD" missed="0" covered="1"/></method><method name="setUseUnknownInCatchVariables" desc="(Ljava/lang/Boolean;)Lde/eitco/cicd/typescript/maven/plugin/CompilerOptions;" line="281"><counter type="INSTRUCTION" missed="5" covered="0"/><counter type="LINE" missed="2" covered="0"/><counter type="COMPLEXITY" missed="1" covered="0"/><counter type="METHOD" missed="1" covered="0"/></method><method name="getAllowUmdGlobalAccess" desc="()Ljava/lang/Boolean;" line="286"><counter type="INSTRUCTION" missed="0" covered="3"/><counter type="LINE" missed="0" covered="1"/><counter type="COMPLEXITY" missed="0" covered="1"/><counter type="METHOD" missed="0" covered="1"/></method><method name="setAllowUmdGlobalAccess" desc="(Ljava/lang/Boolean;)Lde/eitco/cicd/typescript/maven/plugin/CompilerOptions;" line="290"><counter type="INSTRUCTION" missed="5" covered="0"/><counter type="LINE" missed="2" covered="0"/><counter type="COMPLEXITY" missed="1" covered="0"/><counter type="METHOD" missed="1" covered="0"/></method><method name="getBaseUrl" desc="()Ljava/lang/String;" line="295"><counter type="INSTRUCTION" missed="0" covered="3"/><counter type="LINE" missed="0" covered="1"/><counter type="COMPLEXITY" missed="0" covered="1"/><counter type="METHOD" missed="0" covered="1"/></method><method name="setBaseUrl" desc="(Ljava/lang/String;)Lde/eitco/cicd/typescript/maven/plugin/CompilerOptions;" line="299"><counter type="INSTRUCTION" missed="5" covered="0"/><counter type="LINE" missed="2" covered="0"/><counter type="COMPLEXITY" missed="1" covered="0"/><counter type="METHOD" missed="1" covered="0"/></method><method name="getModule" desc="()Ljava/lang/String;" line="304"><counter type="INSTRUCTION" missed="0" covered="3"/><counter type="LINE" missed="0" covered="1"/><counter type="COMPLEXITY" missed="0" covered="1"/><counter type="METHOD" missed="0" covered="1"/></method><method name="setModule" desc="(Ljava/lang/String;)Lde/eitco/cicd/typescript/maven/plugin/CompilerOptions;" line="308"><counter type="INSTRUCTION" missed="0" covered="5"/><counter type="LINE" missed="0" covered="2"/><counter type="COMPLEXITY" missed="0" covered="1"/><counter type="METHOD" missed="0" covered="1"/></method><method name="getModuleResolution" desc="()Ljava/lang/String;" line="313"><counter type="INSTRUCTION" missed="0" covered="3"/><counter type="LINE" missed="0" covered="1"/><counter type="COMPLEXITY" missed="0" covered="1"/><counter type="METHOD" missed="0" covered="1"/></method><method name="setModuleResolution" desc="(Ljava/lang/String;)Lde/eitco/cicd/typescript/maven/plugin/CompilerOptions;" line="317"><counter type="INSTRUCTION" missed="0" covered="5"/><counter type="LINE" missed="0" covered="2"/><counter type="COMPLEXITY" missed="0" covered="1"/><counter type="METHOD" missed="0" covered="1"/></method><method name="getNoResolve" desc="()Ljava/lang/Boolean;" line="322"><counter type="INSTRUCTION" missed="0" covered="3"/><counter type="LINE" missed="0" covered="1"/><counter type="COMPLEXITY" missed="0" covered="1"/><counter type="METHOD" missed="0" covered="1"/></method><method name="setNoResolve" desc="(Ljava/lang/Boolean;)Lde/eitco/cicd/typescript/maven/plugin/CompilerOptions;" line="326"><counter type="INSTRUCTION" missed="5" covered="0"/><counter type="LINE" missed="2" covered="0"/><counter type="COMPLEXITY" missed="1" covered="0"/><counter type="METHOD" missed="1" covered="0"/></method><method name="getPaths" desc="()Ljava/util/Map;" line="331"><counter type="INSTRUCTION" missed="0" covered="3"/><counter type="LINE" missed="0" covered="1"/><counter type="COMPLEXITY" missed="0" covered="1"/><counter type="METHOD" missed="0" covered="1"/></method><method name="setPaths" desc="(Ljava/util/Map;)V" line="335"><counter type="INSTRUCTION" missed="4" covered="0"/><counter type="LINE" missed="2" covered="0"/><counter type="COMPLEXITY" missed="1" covered="0"/><counter type="METHOD" missed="1" covered="0"/></method><method name="getResolveJsonModule" desc="()Ljava/lang/Boolean;" line="339"><counter type="INSTRUCTION" missed="0" covered="3"/><counter type="LINE" missed="0" covered="1"/><counter type="COMPLEXITY" missed="0" covered="1"/><counter type="METHOD" missed="0" covered="1"/></method><method name="setResolveJsonModule" desc="(Ljava/lang/Boolean;)Lde/eitco/cicd/typescript/maven/plugin/CompilerOptions;" line="343"><counter type="INSTRUCTION" missed="5" covered="0"/><counter type="LINE" missed="2" covered="0"/><counter type="COMPLEXITY" missed="1" covered="0"/><counter type="METHOD" missed="1" covered="0"/></method><method name="getRootDir" desc="()Ljava/lang/String;" line="348"><counter type="INSTRUCTION" missed="0" covered="3"/><counter type="LINE" missed="0" covered="1"/><counter type="COMPLEXITY" missed="0" covered="1"/><counter type="METHOD" missed="0" covered="1"/></method><method name="setRootDir" desc="(Ljava/lang/String;)Lde/eitco/cicd/typescript/maven/plugin/CompilerOptions;" line="352"><counter type="INSTRUCTION" missed="5" covered="0"/><counter type="LINE" missed="2" covered="0"/><counter type="COMPLEXITY" missed="1" covered="0"/><counter type="METHOD" missed="1" covered="0"/></method><method name="getRootDirs" desc="()Ljava/util/List;" line="357"><counter type="INSTRUCTION" missed="0" covered="3"/><counter type="LINE" missed="0" covered="1"/><counter type="COMPLEXITY" missed="0" covered="1"/><counter type="METHOD" missed="0" covered="1"/></method><method name="setRootDirs" desc="(Ljava/util/List;)Lde/eitco/cicd/typescript/maven/plugin/CompilerOptions;" line="361"><counter type="INSTRUCTION" missed="5" covered="0"/><counter type="LINE" missed="2" covered="0"/><counter type="COMPLEXITY" missed="1" covered="0"/><counter type="METHOD" missed="1" covered="0"/></method><method name="getTypeRoots" desc="()Ljava/util/List;" line="366"><counter type="INSTRUCTION" missed="0" covered="3"/><counter type="LINE" missed="0" covered="1"/><counter type="COMPLEXITY" missed="0" covered="1"/><counter type="METHOD" missed="0" covered="1"/></method><method name="setTypeRoots" desc="(Ljava/util/List;)Lde/eitco/cicd/typescript/maven/plugin/CompilerOptions;" line="370"><counter type="INSTRUCTION" missed="5" covered="0"/><counter type="LINE" missed="2" covered="0"/><counter type="COMPLEXITY" missed="1" covered="0"/><counter type="METHOD" missed="1" covered="0"/></method><method name="getTypes" desc="()Ljava/util/List;" line="375"><counter type="INSTRUCTION" missed="0" covered="3"/><counter type="LINE" missed="0" covered="1"/><counter type="COMPLEXITY" missed="0" covered="1"/><counter type="METHOD" missed="0" covered="1"/></method><method name="setTypes" desc="(Ljava/util/List;)Lde/eitco/cicd/typescript/maven/plugin/CompilerOptions;" line="379"><counter type="INSTRUCTION" missed="5" covered="0"/><counter type="LINE" missed="2" covered="0"/><counter type="COMPLEXITY" missed="1" covered="0"/><counter type="METHOD" missed="1" covered="0"/></method><method name="getDeclaration" desc="()Ljava/lang/Boolean;" line="384"><counter type="INSTRUCTION" missed="0" covered="3"/><counter type="LINE" missed="0" covered="1"/><counter type="COMPLEXITY" missed="0" covered="1"/><counter type="METHOD" missed="0" covered="1"/></method><method name="setDeclaration" desc="(Ljava/lang/Boolean;)Lde/eitco/cicd/typescript/maven/plugin/CompilerOptions;" line="388"><counter type="INSTRUCTION" missed="0" covered="5"/><counter type="LINE" missed="0" covered="2"/><counter type="COMPLEXITY" missed="0" covered="1"/><counter type="METHOD" missed="0" covered="1"/></method><method name="getDeclarationDir" desc="()Ljava/lang/String;" line="393"><counter type="INSTRUCTION" missed="0" covered="3"/><counter type="LINE" missed="0" covered="1"/><counter type="COMPLEXITY" missed="0" covered="1"/><counter type="METHOD" missed="0" covered="1"/></method><method name="setDeclarationDir" desc="(Ljava/lang/String;)Lde/eitco/cicd/typescript/maven/plugin/CompilerOptions;" line="397"><counter type="INSTRUCTION" missed="5" covered="0"/><counter type="LINE" missed="2" covered="0"/><counter type="COMPLEXITY" missed="1" covered="0"/><counter type="METHOD" missed="1" covered="0"/></method><method name="getDeclarationMap" desc="()Ljava/lang/Boolean;" line="402"><counter type="INSTRUCTION" missed="0" covered="3"/><counter type="LINE" missed="0" covered="1"/><counter type="COMPLEXITY" missed="0" covered="1"/><counter type="METHOD" missed="0" covered="1"/></method><method name="setDeclarationMap" desc="(Ljava/lang/Boolean;)Lde/eitco/cicd/typescript/maven/plugin/CompilerOptions;" line="406"><counter type="INSTRUCTION" missed="5" covered="0"/><counter type="LINE" missed="2" covered="0"/><counter type="COMPLEXITY" missed="1" covered="0"/><counter type="METHOD" missed="1" covered="0"/></method><method name="getDownlevelIteration" desc="()Ljava/lang/Boolean;" line="411"><counter type="INSTRUCTION" missed="0" covered="3"/><counter type="LINE" missed="0" covered="1"/><counter type="COMPLEXITY" missed="0" covered="1"/><counter type="METHOD" missed="0" covered="1"/></method><method name="setDownlevelIteration" desc="(Ljava/lang/Boolean;)Lde/eitco/cicd/typescript/maven/plugin/CompilerOptions;" line="415"><counter type="INSTRUCTION" missed="5" covered="0"/><counter type="LINE" missed="2" covered="0"/><counter type="COMPLEXITY" missed="1" covered="0"/><counter type="METHOD" missed="1" covered="0"/></method><method name="getEmitBOM" desc="()Ljava/lang/Boolean;" line="420"><counter type="INSTRUCTION" missed="0" covered="3"/><counter type="LINE" missed="0" covered="1"/><counter type="COMPLEXITY" missed="0" covered="1"/><counter type="METHOD" missed="0" covered="1"/></method><method name="setEmitBOM" desc="(Ljava/lang/Boolean;)Lde/eitco/cicd/typescript/maven/plugin/CompilerOptions;" line="424"><counter type="INSTRUCTION" missed="5" covered="0"/><counter type="LINE" missed="2" covered="0"/><counter type="COMPLEXITY" missed="1" covered="0"/><counter type="METHOD" missed="1" covered="0"/></method><method name="getEmitDeclarationOnly" desc="()Ljava/lang/Boolean;" line="429"><counter type="INSTRUCTION" missed="0" covered="3"/><counter type="LINE" missed="0" covered="1"/><counter type="COMPLEXITY" missed="0" covered="1"/><counter type="METHOD" missed="0" covered="1"/></method><method name="setEmitDeclarationOnly" desc="(Ljava/lang/Boolean;)Lde/eitco/cicd/typescript/maven/plugin/CompilerOptions;" line="433"><counter type="INSTRUCTION" missed="5" covered="0"/><counter type="LINE" missed="2" covered="0"/><counter type="COMPLEXITY" missed="1" covered="0"/><counter type="METHOD" missed="1" covered="0"/></method><method name="getImportHelpers" desc="()Ljava/lang/Boolean;" line="438"><counter type="INSTRUCTION" missed="0" covered="3"/><counter type="LINE" missed="0" covered="1"/><counter type="COMPLEXITY" missed="0" covered="1"/><counter type="METHOD" missed="0" covered="1"/></method><method name="setImportHelpers" desc="(Ljava/lang/Boolean;)Lde/eitco/cicd/typescript/maven/plugin/CompilerOptions;" line="442"><counter type="INSTRUCTION" missed="5" covered="0"/><counter type="LINE" missed="2" covered="0"/><counter type="COMPLEXITY" missed="1" covered="0"/><counter type="METHOD" missed="1" covered="0"/></method><method name="getImportsNotUsedAsValues" desc="()Ljava/lang/String;" line="447"><counter type="INSTRUCTION" missed="0" covered="3"/><counter type="LINE" missed="0" covered="1"/><counter type="COMPLEXITY" missed="0" covered="1"/><counter type="METHOD" missed="0" covered="1"/></method><method name="setImportsNotUsedAsValues" desc="(Ljava/lang/String;)Lde/eitco/cicd/typescript/maven/plugin/CompilerOptions;" line="451"><counter type="INSTRUCTION" missed="5" covered="0"/><counter type="LINE" missed="2" covered="0"/><counter type="COMPLEXITY" missed="1" covered="0"/><counter type="METHOD" missed="1" covered="0"/></method><method name="getInlineSourceMap" desc="()Ljava/lang/Boolean;" line="456"><counter type="INSTRUCTION" missed="0" covered="3"/><counter type="LINE" missed="0" covered="1"/><counter type="COMPLEXITY" missed="0" covered="1"/><counter type="METHOD" missed="0" covered="1"/></method><method name="setInlineSourceMap" desc="(Ljava/lang/Boolean;)Lde/eitco/cicd/typescript/maven/plugin/CompilerOptions;" line="460"><counter type="INSTRUCTION" missed="5" covered="0"/><counter type="LINE" missed="2" covered="0"/><counter type="COMPLEXITY" missed="1" covered="0"/><counter type="METHOD" missed="1" covered="0"/></method><method name="getInlineSources" desc="()Ljava/lang/Boolean;" line="465"><counter type="INSTRUCTION" missed="0" covered="3"/><counter type="LINE" missed="0" covered="1"/><counter type="COMPLEXITY" missed="0" covered="1"/><counter type="METHOD" missed="0" covered="1"/></method><method name="setInlineSources" desc="(Ljava/lang/Boolean;)Lde/eitco/cicd/typescript/maven/plugin/CompilerOptions;" line="469"><counter type="INSTRUCTION" missed="5" covered="0"/><counter type="LINE" missed="2" covered="0"/><counter type="COMPLEXITY" missed="1" covered="0"/><counter type="METHOD" missed="1" covered="0"/></method><method name="getMapRoot" desc="()Ljava/lang/String;" line="474"><counter type="INSTRUCTION" missed="0" covered="3"/><counter type="LINE" missed="0" covered="1"/><counter type="COMPLEXITY" missed="0" covered="1"/><counter type="METHOD" missed="0" covered="1"/></method><method name="setMapRoot" desc="(Ljava/lang/String;)Lde/eitco/cicd/typescript/maven/plugin/CompilerOptions;" line="478"><counter type="INSTRUCTION" missed="5" covered="0"/><counter type="LINE" missed="2" covered="0"/><counter type="COMPLEXITY" missed="1" covered="0"/><counter type="METHOD" missed="1" covered="0"/></method><method name="getNewLine" desc="()Ljava/lang/String;" line="483"><counter type="INSTRUCTION" missed="0" covered="3"/><counter type="LINE" missed="0" covered="1"/><counter type="COMPLEXITY" missed="0" covered="1"/><counter type="METHOD" missed="0" covered="1"/></method><method name="setNewLine" desc="(Ljava/lang/String;)Lde/eitco/cicd/typescript/maven/plugin/CompilerOptions;" line="487"><counter type="INSTRUCTION" missed="5" covered="0"/><counter type="LINE" missed="2" covered="0"/><counter type="COMPLEXITY" missed="1" covered="0"/><counter type="METHOD" missed="1" covered="0"/></method><method name="getNoEmit" desc="()Ljava/lang/Boolean;" line="492"><counter type="INSTRUCTION" missed="0" covered="3"/><counter type="LINE" missed="0" covered="1"/><counter type="COMPLEXITY" missed="0" covered="1"/><counter type="METHOD" missed="0" covered="1"/></method><method name="setNoEmit" desc="(Ljava/lang/Boolean;)Lde/eitco/cicd/typescript/maven/plugin/CompilerOptions;" line="496"><counter type="INSTRUCTION" missed="5" covered="0"/><counter type="LINE" missed="2" covered="0"/><counter type="COMPLEXITY" missed="1" covered="0"/><counter type="METHOD" missed="1" covered="0"/></method><method name="getNoEmitHelpers" desc="()Ljava/lang/Boolean;" line="501"><counter type="INSTRUCTION" missed="0" covered="3"/><counter type="LINE" missed="0" covered="1"/><counter type="COMPLEXITY" missed="0" covered="1"/><counter type="METHOD" missed="0" covered="1"/></method><method name="setNoEmitHelpers" desc="(Ljava/lang/Boolean;)Lde/eitco/cicd/typescript/maven/plugin/CompilerOptions;" line="505"><counter type="INSTRUCTION" missed="5" covered="0"/><counter type="LINE" missed="2" covered="0"/><counter type="COMPLEXITY" missed="1" covered="0"/><counter type="METHOD" missed="1" covered="0"/></method><method name="getNoEmitOnError" desc="()Ljava/lang/Boolean;" line="510"><counter type="INSTRUCTION" missed="0" covered="3"/><counter type="LINE" missed="0" covered="1"/><counter type="COMPLEXITY" missed="0" covered="1"/><counter type="METHOD" missed="0" covered="1"/></method><method name="setNoEmitOnError" desc="(Ljava/lang/Boolean;)Lde/eitco/cicd/typescript/maven/plugin/CompilerOptions;" line="514"><counter type="INSTRUCTION" missed="5" covered="0"/><counter type="LINE" missed="2" covered="0"/><counter type="COMPLEXITY" missed="1" covered="0"/><counter type="METHOD" missed="1" covered="0"/></method><method name="getOutDir" desc="()Ljava/lang/String;" line="519"><counter type="INSTRUCTION" missed="0" covered="3"/><counter type="LINE" missed="0" covered="1"/><counter type="COMPLEXITY" missed="0" covered="1"/><counter type="METHOD" missed="0" covered="1"/></method><method name="setOutDir" desc="(Ljava/lang/String;)Lde/eitco/cicd/typescript/maven/plugin/CompilerOptions;" line="523"><counter type="INSTRUCTION" missed="0" covered="5"/><counter type="LINE" missed="0" covered="2"/><counter type="COMPLEXITY" missed="0" covered="1"/><counter type="METHOD" missed="0" covered="1"/></method><method name="getOutFile" desc="()Ljava/lang/String;" line="528"><counter type="INSTRUCTION" missed="0" covered="3"/><counter type="LINE" missed="0" covered="1"/><counter type="COMPLEXITY" missed="0" covered="1"/><counter type="METHOD" missed="0" covered="1"/></method><method name="setOutFile" desc="(Ljava/lang/String;)Lde/eitco/cicd/typescript/maven/plugin/CompilerOptions;" line="532"><counter type="INSTRUCTION" missed="5" covered="0"/><counter type="LINE" missed="2" covered="0"/><counter type="COMPLEXITY" missed="1" covered="0"/><counter type="METHOD" missed="1" covered="0"/></method><method name="getPreserveConstEnums" desc="()Ljava/lang/Boolean;" line="537"><counter type="INSTRUCTION" missed="0" covered="3"/><counter type="LINE" missed="0" covered="1"/><counter type="COMPLEXITY" missed="0" covered="1"/><counter type="METHOD" missed="0" covered="1"/></method><method name="setPreserveConstEnums" desc="(Ljava/lang/Boolean;)Lde/eitco/cicd/typescript/maven/plugin/CompilerOptions;" line="541"><counter type="INSTRUCTION" missed="5" covered="0"/><counter type="LINE" missed="2" covered="0"/><counter type="COMPLEXITY" missed="1" covered="0"/><counter type="METHOD" missed="1" covered="0"/></method><method name="getPreserveValueImports" desc="()Ljava/lang/Boolean;" line="546"><counter type="INSTRUCTION" missed="0" covered="3"/><counter type="LINE" missed="0" covered="1"/><counter type="COMPLEXITY" missed="0" covered="1"/><counter type="METHOD" missed="0" covered="1"/></method><method name="setPreserveValueImports" desc="(Ljava/lang/Boolean;)Lde/eitco/cicd/typescript/maven/plugin/CompilerOptions;" line="550"><counter type="INSTRUCTION" missed="5" covered="0"/><counter type="LINE" missed="2" covered="0"/><counter type="COMPLEXITY" missed="1" covered="0"/><counter type="METHOD" missed="1" covered="0"/></method><method name="getRemoveComments" desc="()Ljava/lang/Boolean;" line="555"><counter type="INSTRUCTION" missed="0" covered="3"/><counter type="LINE" missed="0" covered="1"/><counter type="COMPLEXITY" missed="0" covered="1"/><counter type="METHOD" missed="0" covered="1"/></method><method name="setRemoveComments" desc="(Ljava/lang/Boolean;)Lde/eitco/cicd/typescript/maven/plugin/CompilerOptions;" line="559"><counter type="INSTRUCTION" missed="5" covered="0"/><counter type="LINE" missed="2" covered="0"/><counter type="COMPLEXITY" missed="1" covered="0"/><counter type="METHOD" missed="1" covered="0"/></method><method name="getSourceMap" desc="()Ljava/lang/Boolean;" line="564"><counter type="INSTRUCTION" missed="0" covered="3"/><counter type="LINE" missed="0" covered="1"/><counter type="COMPLEXITY" missed="0" covered="1"/><counter type="METHOD" missed="0" covered="1"/></method><method name="setSourceMap" desc="(Ljava/lang/Boolean;)Lde/eitco/cicd/typescript/maven/plugin/CompilerOptions;" line="568"><counter type="INSTRUCTION" missed="0" covered="5"/><counter type="LINE" missed="0" covered="2"/><counter type="COMPLEXITY" missed="0" covered="1"/><counter type="METHOD" missed="0" covered="1"/></method><method name="getSourceRoot" desc="()Ljava/lang/String;" line="573"><counter type="INSTRUCTION" missed="0" covered="3"/><counter type="LINE" missed="0" covered="1"/><counter type="COMPLEXITY" missed="0" covered="1"/><counter type="METHOD" missed="0" covered="1"/></method><method name="setSourceRoot" desc="(Ljava/lang/String;)Lde/eitco/cicd/typescript/maven/plugin/CompilerOptions;" line="577"><counter type="INSTRUCTION" missed="5" covered="0"/><counter type="LINE" missed="2" covered="0"/><counter type="COMPLEXITY" missed="1" covered="0"/><counter type="METHOD" missed="1" covered="0"/></method><method name="getStripInternal" desc="()Ljava/lang/Boolean;" line="582"><counter type="INSTRUCTION" missed="0" covered="3"/><counter type="LINE" missed="0" covered="1"/><counter type="COMPLEXITY" missed="0" covered="1"/><counter type="METHOD" missed="0" covered="1"/></method><method name="setStripInternal" desc="(Ljava/lang/Boolean;)Lde/eitco/cicd/typescript/maven/plugin/CompilerOptions;" line="586"><counter type="INSTRUCTION" missed="5" covered="0"/><counter type="LINE" missed="2" covered="0"/><counter type="COMPLEXITY" missed="1" covered="0"/><counter type="METHOD" missed="1" covered="0"/></method><method name="getAllowJs" desc="()Ljava/lang/Boolean;" line="591"><counter type="INSTRUCTION" missed="0" covered="3"/><counter type="LINE" missed="0" covered="1"/><counter type="COMPLEXITY" missed="0" covered="1"/><counter type="METHOD" missed="0" covered="1"/></method><method name="setAllowJs" desc="(Ljava/lang/Boolean;)Lde/eitco/cicd/typescript/maven/plugin/CompilerOptions;" line="595"><counter type="INSTRUCTION" missed="5" covered="0"/><counter type="LINE" missed="2" covered="0"/><counter type="COMPLEXITY" missed="1" covered="0"/><counter type="METHOD" missed="1" covered="0"/></method><method name="getCheckJs" desc="()Ljava/lang/Boolean;" line="600"><counter type="INSTRUCTION" missed="0" covered="3"/><counter type="LINE" missed="0" covered="1"/><counter type="COMPLEXITY" missed="0" covered="1"/><counter type="METHOD" missed="0" covered="1"/></method><method name="setCheckJs" desc="(Ljava/lang/Boolean;)Lde/eitco/cicd/typescript/maven/plugin/CompilerOptions;" line="604"><counter type="INSTRUCTION" missed="5" covered="0"/><counter type="LINE" missed="2" covered="0"/><counter type="COMPLEXITY" missed="1" covered="0"/><counter type="METHOD" missed="1" covered="0"/></method><method name="getMaxNodeModuleJsDepth" desc="()Ljava/lang/Integer;" line="609"><counter type="INSTRUCTION" missed="0" covered="3"/><counter type="LINE" missed="0" covered="1"/><counter type="COMPLEXITY" missed="0" covered="1"/><counter type="METHOD" missed="0" covered="1"/></method><method name="setMaxNodeModuleJsDepth" desc="(Ljava/lang/Integer;)Lde/eitco/cicd/typescript/maven/plugin/CompilerOptions;" line="613"><counter type="INSTRUCTION" missed="5" covered="0"/><counter type="LINE" missed="2" covered="0"/><counter type="COMPLEXITY" missed="1" covered="0"/><counter type="METHOD" missed="1" covered="0"/></method><method name="getDisableSizeLimit" desc="()Ljava/lang/Boolean;" line="618"><counter type="INSTRUCTION" missed="0" covered="3"/><counter type="LINE" missed="0" covered="1"/><counter type="COMPLEXITY" missed="0" covered="1"/><counter type="METHOD" missed="0" covered="1"/></method><method name="setDisableSizeLimit" desc="(Ljava/lang/Boolean;)Lde/eitco/cicd/typescript/maven/plugin/CompilerOptions;" line="622"><counter type="INSTRUCTION" missed="5" covered="0"/><counter type="LINE" missed="2" covered="0"/><counter type="COMPLEXITY" missed="1" covered="0"/><counter type="METHOD" missed="1" covered="0"/></method><method name="getAllowSyntheticDefaultImports" desc="()Ljava/lang/Boolean;" line="627"><counter type="INSTRUCTION" missed="0" covered="3"/><counter type="LINE" missed="0" covered="1"/><counter type="COMPLEXITY" missed="0" covered="1"/><counter type="METHOD" missed="0" covered="1"/></method><method name="setAllowSyntheticDefaultImports" desc="(Ljava/lang/Boolean;)Lde/eitco/cicd/typescript/maven/plugin/CompilerOptions;" line="631"><counter type="INSTRUCTION" missed="5" covered="0"/><counter type="LINE" missed="2" covered="0"/><counter type="COMPLEXITY" missed="1" covered="0"/><counter type="METHOD" missed="1" covered="0"/></method><method name="getEsModuleInterop" desc="()Ljava/lang/Boolean;" line="636"><counter type="INSTRUCTION" missed="0" covered="3"/><counter type="LINE" missed="0" covered="1"/><counter type="COMPLEXITY" missed="0" covered="1"/><counter type="METHOD" missed="0" covered="1"/></method><method name="setEsModuleInterop" desc="(Ljava/lang/Boolean;)Lde/eitco/cicd/typescript/maven/plugin/CompilerOptions;" line="640"><counter type="INSTRUCTION" missed="0" covered="5"/><counter type="LINE" missed="0" covered="2"/><counter type="COMPLEXITY" missed="0" covered="1"/><counter type="METHOD" missed="0" covered="1"/></method><method name="getForceConsistentCasingInFileNames" desc="()Ljava/lang/Boolean;" line="645"><counter type="INSTRUCTION" missed="0" covered="3"/><counter type="LINE" missed="0" covered="1"/><counter type="COMPLEXITY" missed="0" covered="1"/><counter type="METHOD" missed="0" covered="1"/></method><method name="setForceConsistentCasingInFileNames" desc="(Ljava/lang/Boolean;)Lde/eitco/cicd/typescript/maven/plugin/CompilerOptions;" line="649"><counter type="INSTRUCTION" missed="5" covered="0"/><counter type="LINE" missed="2" covered="0"/><counter type="COMPLEXITY" missed="1" covered="0"/><counter type="METHOD" missed="1" covered="0"/></method><method name="getIsolatedModules" desc="()Ljava/lang/Boolean;" line="654"><counter type="INSTRUCTION" missed="0" covered="3"/><counter type="LINE" missed="0" covered="1"/><counter type="COMPLEXITY" missed="0" covered="1"/><counter type="METHOD" missed="0" covered="1"/></method><method name="setIsolatedModules" desc="(Ljava/lang/Boolean;)Lde/eitco/cicd/typescript/maven/plugin/CompilerOptions;" line="658"><counter type="INSTRUCTION" missed="5" covered="0"/><counter type="LINE" missed="2" covered="0"/><counter type="COMPLEXITY" missed="1" covered="0"/><counter type="METHOD" missed="1" covered="0"/></method><method name="getPreserveSymlinks" desc="()Ljava/lang/Boolean;" line="663"><counter type="INSTRUCTION" missed="0" covered="3"/><counter type="LINE" missed="0" covered="1"/><counter type="COMPLEXITY" missed="0" covered="1"/><counter type="METHOD" missed="0" covered="1"/></method><method name="setPreserveSymlinks" desc="(Ljava/lang/Boolean;)Lde/eitco/cicd/typescript/maven/plugin/CompilerOptions;" line="667"><counter type="INSTRUCTION" missed="5" covered="0"/><counter type="LINE" missed="2" covered="0"/><counter type="COMPLEXITY" missed="1" covered="0"/><counter type="METHOD" missed="1" covered="0"/></method><method name="getKeyofStringsOnly" desc="()Ljava/lang/Boolean;" line="672"><counter type="INSTRUCTION" missed="0" covered="3"/><counter type="LINE" missed="0" covered="1"/><counter type="COMPLEXITY" missed="0" covered="1"/><counter type="METHOD" missed="0" covered="1"/></method><method name="setKeyofStringsOnly" desc="(Ljava/lang/Boolean;)Lde/eitco/cicd/typescript/maven/plugin/CompilerOptions;" line="676"><counter type="INSTRUCTION" missed="5" covered="0"/><counter type="LINE" missed="2" covered="0"/><counter type="COMPLEXITY" missed="1" covered="0"/><counter type="METHOD" missed="1" covered="0"/></method><method name="getNoImplicitUseStrict" desc="()Ljava/lang/Boolean;" line="681"><counter type="INSTRUCTION" missed="0" covered="3"/><counter type="LINE" missed="0" covered="1"/><counter type="COMPLEXITY" missed="0" covered="1"/><counter type="METHOD" missed="0" covered="1"/></method><method name="setNoImplicitUseStrict" desc="(Ljava/lang/Boolean;)Lde/eitco/cicd/typescript/maven/plugin/CompilerOptions;" line="685"><counter type="INSTRUCTION" missed="5" covered="0"/><counter type="LINE" missed="2" covered="0"/><counter type="COMPLEXITY" missed="1" covered="0"/><counter type="METHOD" missed="1" covered="0"/></method><method name="getNoStrictGenericChecks" desc="()Ljava/lang/Boolean;" line="690"><counter type="INSTRUCTION" missed="0" covered="3"/><counter type="LINE" missed="0" covered="1"/><counter type="COMPLEXITY" missed="0" covered="1"/><counter type="METHOD" missed="0" covered="1"/></method><method name="setNoStrictGenericChecks" desc="(Ljava/lang/Boolean;)Lde/eitco/cicd/typescript/maven/plugin/CompilerOptions;" line="694"><counter type="INSTRUCTION" missed="5" covered="0"/><counter type="LINE" missed="2" covered="0"/><counter type="COMPLEXITY" missed="1" covered="0"/><counter type="METHOD" missed="1" covered="0"/></method><method name="getSuppressExcessPropertyErrors" desc="()Ljava/lang/Boolean;" line="699"><counter type="INSTRUCTION" missed="0" covered="3"/><counter type="LINE" missed="0" covered="1"/><counter type="COMPLEXITY" missed="0" covered="1"/><counter type="METHOD" missed="0" covered="1"/></method><method name="setSuppressExcessPropertyErrors" desc="(Ljava/lang/Boolean;)Lde/eitco/cicd/typescript/maven/plugin/CompilerOptions;" line="703"><counter type="INSTRUCTION" missed="5" covered="0"/><counter type="LINE" missed="2" covered="0"/><counter type="COMPLEXITY" missed="1" covered="0"/><counter type="METHOD" missed="1" covered="0"/></method><method name="getSuppressImplicitAnyIndexErrors" desc="()Ljava/lang/Boolean;" line="708"><counter type="INSTRUCTION" missed="0" covered="3"/><counter type="LINE" missed="0" covered="1"/><counter type="COMPLEXITY" missed="0" covered="1"/><counter type="METHOD" missed="0" covered="1"/></method><method name="setSuppressImplicitAnyIndexErrors" desc="(Ljava/lang/Boolean;)Lde/eitco/cicd/typescript/maven/plugin/CompilerOptions;" line="712"><counter type="INSTRUCTION" missed="5" covered="0"/><counter type="LINE" missed="2" covered="0"/><counter type="COMPLEXITY" missed="1" covered="0"/><counter type="METHOD" missed="1" covered="0"/></method><method name="getEmitDecoratorMetadata" desc="()Ljava/lang/Boolean;" line="717"><counter type="INSTRUCTION" missed="0" covered="3"/><counter type="LINE" missed="0" covered="1"/><counter type="COMPLEXITY" missed="0" covered="1"/><counter type="METHOD" missed="0" covered="1"/></method><method name="setEmitDecoratorMetadata" desc="(Ljava/lang/Boolean;)Lde/eitco/cicd/typescript/maven/plugin/CompilerOptions;" line="721"><counter type="INSTRUCTION" missed="5" covered="0"/><counter type="LINE" missed="2" covered="0"/><counter type="COMPLEXITY" missed="1" covered="0"/><counter type="METHOD" missed="1" covered="0"/></method><method name="getExperimentalDecorators" desc="()Ljava/lang/Boolean;" line="726"><counter type="INSTRUCTION" missed="0" covered="3"/><counter type="LINE" missed="0" covered="1"/><counter type="COMPLEXITY" missed="0" covered="1"/><counter type="METHOD" missed="0" covered="1"/></method><method name="setExperimentalDecorators" desc="(Ljava/lang/Boolean;)Lde/eitco/cicd/typescript/maven/plugin/CompilerOptions;" line="730"><counter type="INSTRUCTION" missed="0" covered="5"/><counter type="LINE" missed="0" covered="2"/><counter type="COMPLEXITY" missed="0" covered="1"/><counter type="METHOD" missed="0" covered="1"/></method><method name="getJsx" desc="()Ljava/lang/String;" line="735"><counter type="INSTRUCTION" missed="0" covered="3"/><counter type="LINE" missed="0" covered="1"/><counter type="COMPLEXITY" missed="0" covered="1"/><counter type="METHOD" missed="0" covered="1"/></method><method name="setJsx" desc="(Ljava/lang/String;)Lde/eitco/cicd/typescript/maven/plugin/CompilerOptions;" line="739"><counter type="INSTRUCTION" missed="5" covered="0"/><counter type="LINE" missed="2" covered="0"/><counter type="COMPLEXITY" missed="1" covered="0"/><counter type="METHOD" missed="1" covered="0"/></method><method name="getJsxFactory" desc="()Ljava/lang/String;" line="744"><counter type="INSTRUCTION" missed="0" covered="3"/><counter type="LINE" missed="0" covered="1"/><counter type="COMPLEXITY" missed="0" covered="1"/><counter type="METHOD" missed="0" covered="1"/></method><method name="setJsxFactory" desc="(Ljava/lang/String;)Lde/eitco/cicd/typescript/maven/plugin/CompilerOptions;" line="748"><counter type="INSTRUCTION" missed="5" covered="0"/><counter type="LINE" missed="2" covered="0"/><counter type="COMPLEXITY" missed="1" covered="0"/><counter type="METHOD" missed="1" covered="0"/></method><method name="getJsxFragmentFactory" desc="()Ljava/lang/String;" line="753"><counter type="INSTRUCTION" missed="0" covered="3"/><counter type="LINE" missed="0" covered="1"/><counter type="COMPLEXITY" missed="0" covered="1"/><counter type="METHOD" missed="0" covered="1"/></method><method name="setJsxFragmentFactory" desc="(Ljava/lang/String;)Lde/eitco/cicd/typescript/maven/plugin/CompilerOptions;" line="757"><counter type="INSTRUCTION" missed="5" covered="0"/><counter type="LINE" missed="2" covered="0"/><counter type="COMPLEXITY" missed="1" covered="0"/><counter type="METHOD" missed="1" covered="0"/></method><method name="getJsxImportSource" desc="()Ljava/lang/String;" line="762"><counter type="INSTRUCTION" missed="0" covered="3"/><counter type="LINE" missed="0" covered="1"/><counter type="COMPLEXITY" missed="0" covered="1"/><counter type="METHOD" missed="0" covered="1"/></method><method name="setJsxImportSource" desc="(Ljava/lang/String;)Lde/eitco/cicd/typescript/maven/plugin/CompilerOptions;" line="766"><counter type="INSTRUCTION" missed="5" covered="0"/><counter type="LINE" missed="2" covered="0"/><counter type="COMPLEXITY" missed="1" covered="0"/><counter type="METHOD" missed="1" covered="0"/></method><method name="getLib" desc="()Ljava/util/List;" line="771"><counter type="INSTRUCTION" missed="0" covered="3"/><counter type="LINE" missed="0" covered="1"/><counter type="COMPLEXITY" missed="0" covered="1"/><counter type="METHOD" missed="0" covered="1"/></method><method name="setLib" desc="(Ljava/util/List;)Lde/eitco/cicd/typescript/maven/plugin/CompilerOptions;" line="775"><counter type="INSTRUCTION" missed="0" covered="5"/><counter type="LINE" missed="0" covered="2"/><counter type="COMPLEXITY" missed="0" covered="1"/><counter type="METHOD" missed="0" covered="1"/></method><method name="getNoLib" desc="()Ljava/lang/Boolean;" line="780"><counter type="INSTRUCTION" missed="0" covered="3"/><counter type="LINE" missed="0" covered="1"/><counter type="COMPLEXITY" missed="0" covered="1"/><counter type="METHOD" missed="0" covered="1"/></method><method name="setNoLib" desc="(Ljava/lang/Boolean;)Lde/eitco/cicd/typescript/maven/plugin/CompilerOptions;" line="784"><counter type="INSTRUCTION" missed="5" covered="0"/><counter type="LINE" missed="2" covered="0"/><counter type="COMPLEXITY" missed="1" covered="0"/><counter type="METHOD" missed="1" covered="0"/></method><method name="getReactNamespace" desc="()Ljava/lang/String;" line="789"><counter type="INSTRUCTION" missed="0" covered="3"/><counter type="LINE" missed="0" covered="1"/><counter type="COMPLEXITY" missed="0" covered="1"/><counter type="METHOD" missed="0" covered="1"/></method><method name="setReactNamespace" desc="(Ljava/lang/String;)Lde/eitco/cicd/typescript/maven/plugin/CompilerOptions;" line="793"><counter type="INSTRUCTION" missed="5" covered="0"/><counter type="LINE" missed="2" covered="0"/><counter type="COMPLEXITY" missed="1" covered="0"/><counter type="METHOD" missed="1" covered="0"/></method><method name="getTarget" desc="()Ljava/lang/String;" line="798"><counter type="INSTRUCTION" missed="0" covered="3"/><counter type="LINE" missed="0" covered="1"/><counter type="COMPLEXITY" missed="0" covered="1"/><counter type="METHOD" missed="0" covered="1"/></method><method name="setTarget" desc="(Ljava/lang/String;)Lde/eitco/cicd/typescript/maven/plugin/CompilerOptions;" line="802"><counter type="INSTRUCTION" missed="0" covered="5"/><counter type="LINE" missed="0" covered="2"/><counter type="COMPLEXITY" missed="0" covered="1"/><counter type="METHOD" missed="0" covered="1"/></method><method name="getUseDefineForClassFields" desc="()Ljava/lang/Boolean;" line="807"><counter type="INSTRUCTION" missed="0" covered="3"/><counter type="LINE" missed="0" covered="1"/><counter type="COMPLEXITY" missed="0" covered="1"/><counter type="METHOD" missed="0" covered="1"/></method><method name="setUseDefineForClassFields" desc="(Ljava/lang/Boolean;)Lde/eitco/cicd/typescript/maven/plugin/CompilerOptions;" line="811"><counter type="INSTRUCTION" missed="5" covered="0"/><counter type="LINE" missed="2" covered="0"/><counter type="COMPLEXITY" missed="1" covered="0"/><counter type="METHOD" missed="1" covered="0"/></method><method name="getDiagnostics" desc="()Ljava/lang/Boolean;" line="816"><counter type="INSTRUCTION" missed="0" covered="3"/><counter type="LINE" missed="0" covered="1"/><counter type="COMPLEXITY" missed="0" covered="1"/><counter type="METHOD" missed="0" covered="1"/></method><method name="setDiagnostics" desc="(Ljava/lang/Boolean;)Lde/eitco/cicd/typescript/maven/plugin/CompilerOptions;" line="820"><counter type="INSTRUCTION" missed="5" covered="0"/><counter type="LINE" missed="2" covered="0"/><counter type="COMPLEXITY" missed="1" covered="0"/><counter type="METHOD" missed="1" covered="0"/></method><method name="getExplainFiles" desc="()Ljava/lang/Boolean;" line="825"><counter type="INSTRUCTION" missed="0" covered="3"/><counter type="LINE" missed="0" covered="1"/><counter type="COMPLEXITY" missed="0" covered="1"/><counter type="METHOD" missed="0" covered="1"/></method><method name="setExplainFiles" desc="(Ljava/lang/Boolean;)Lde/eitco/cicd/typescript/maven/plugin/CompilerOptions;" line="829"><counter type="INSTRUCTION" missed="5" covered="0"/><counter type="LINE" missed="2" covered="0"/><counter type="COMPLEXITY" missed="1" covered="0"/><counter type="METHOD" missed="1" covered="0"/></method><method name="getExtendedDiagnostics" desc="()Ljava/lang/Boolean;" line="834"><counter type="INSTRUCTION" missed="0" covered="3"/><counter type="LINE" missed="0" covered="1"/><counter type="COMPLEXITY" missed="0" covered="1"/><counter type="METHOD" missed="0" covered="1"/></method><method name="setExtendedDiagnostics" desc="(Ljava/lang/Boolean;)Lde/eitco/cicd/typescript/maven/plugin/CompilerOptions;" line="838"><counter type="INSTRUCTION" missed="5" covered="0"/><counter type="LINE" missed="2" covered="0"/><counter type="COMPLEXITY" missed="1" covered="0"/><counter type="METHOD" missed="1" covered="0"/></method><method name="getListEmittedFiles" desc="()Ljava/lang/Boolean;" line="843"><counter type="INSTRUCTION" missed="0" covered="3"/><counter type="LINE" missed="0" covered="1"/><counter type="COMPLEXITY" missed="0" covered="1"/><counter type="METHOD" missed="0" covered="1"/></method><method name="setListEmittedFiles" desc="(Ljava/lang/Boolean;)Lde/eitco/cicd/typescript/maven/plugin/CompilerOptions;" line="847"><counter type="INSTRUCTION" missed="5" covered="0"/><counter type="LINE" missed="2" covered="0"/><counter type="COMPLEXITY" missed="1" covered="0"/><counter type="METHOD" missed="1" covered="0"/></method><method name="getListFiles" desc="()Ljava/lang/Boolean;" line="852"><counter type="INSTRUCTION" missed="0" covered="3"/><counter type="LINE" missed="0" covered="1"/><counter type="COMPLEXITY" missed="0" covered="1"/><counter type="METHOD" missed="0" covered="1"/></method><method name="setListFiles" desc="(Ljava/lang/Boolean;)Lde/eitco/cicd/typescript/maven/plugin/CompilerOptions;" line="856"><counter type="INSTRUCTION" missed="5" covered="0"/><counter type="LINE" missed="2" covered="0"/><counter type="COMPLEXITY" missed="1" covered="0"/><counter type="METHOD" missed="1" covered="0"/></method><method name="getTraceResolution" desc="()Ljava/lang/Boolean;" line="861"><counter type="INSTRUCTION" missed="0" covered="3"/><counter type="LINE" missed="0" covered="1"/><counter type="COMPLEXITY" missed="0" covered="1"/><counter type="METHOD" missed="0" covered="1"/></method><method name="setTraceResolution" desc="(Ljava/lang/Boolean;)Lde/eitco/cicd/typescript/maven/plugin/CompilerOptions;" line="865"><counter type="INSTRUCTION" missed="5" covered="0"/><counter type="LINE" missed="2" covered="0"/><counter type="COMPLEXITY" missed="1" covered="0"/><counter type="METHOD" missed="1" covered="0"/></method><method name="getComposite" desc="()Ljava/lang/Boolean;" line="870"><counter type="INSTRUCTION" missed="0" covered="3"/><counter type="LINE" missed="0" covered="1"/><counter type="COMPLEXITY" missed="0" covered="1"/><counter type="METHOD" missed="0" covered="1"/></method><method name="setComposite" desc="(Ljava/lang/Boolean;)Lde/eitco/cicd/typescript/maven/plugin/CompilerOptions;" line="874"><counter type="INSTRUCTION" missed="5" covered="0"/><counter type="LINE" missed="2" covered="0"/><counter type="COMPLEXITY" missed="1" covered="0"/><counter type="METHOD" missed="1" covered="0"/></method><method name="getDisableReferencedProjectLoad" desc="()Ljava/lang/Boolean;" line="879"><counter type="INSTRUCTION" missed="0" covered="3"/><counter type="LINE" missed="0" covered="1"/><counter type="COMPLEXITY" missed="0" covered="1"/><counter type="METHOD" missed="0" covered="1"/></method><method name="setDisableReferencedProjectLoad" desc="(Ljava/lang/Boolean;)Lde/eitco/cicd/typescript/maven/plugin/CompilerOptions;" line="883"><counter type="INSTRUCTION" missed="5" covered="0"/><counter type="LINE" missed="2" covered="0"/><counter type="COMPLEXITY" missed="1" covered="0"/><counter type="METHOD" missed="1" covered="0"/></method><method name="getDisableSolutionSearching" desc="()Ljava/lang/Boolean;" line="888"><counter type="INSTRUCTION" missed="0" covered="3"/><counter type="LINE" missed="0" covered="1"/><counter type="COMPLEXITY" missed="0" covered="1"/><counter type="METHOD" missed="0" covered="1"/></method><method name="setDisableSolutionSearching" desc="(Ljava/lang/Boolean;)Lde/eitco/cicd/typescript/maven/plugin/CompilerOptions;" line="892"><counter type="INSTRUCTION" missed="5" covered="0"/><counter type="LINE" missed="2" covered="0"/><counter type="COMPLEXITY" missed="1" covered="0"/><counter type="METHOD" missed="1" covered="0"/></method><method name="getDisableSourceOfProjectReferenceRedirect" desc="()Ljava/lang/Boolean;" line="897"><counter type="INSTRUCTION" missed="0" covered="3"/><counter type="LINE" missed="0" covered="1"/><counter type="COMPLEXITY" missed="0" covered="1"/><counter type="METHOD" missed="0" covered="1"/></method><method name="setDisableSourceOfProjectReferenceRedirect" desc="(Ljava/lang/Boolean;)Lde/eitco/cicd/typescript/maven/plugin/CompilerOptions;" line="901"><counter type="INSTRUCTION" missed="5" covered="0"/><counter type="LINE" missed="2" covered="0"/><counter type="COMPLEXITY" missed="1" covered="0"/><counter type="METHOD" missed="1" covered="0"/></method><method name="getIncremental" desc="()Ljava/lang/Boolean;" line="906"><counter type="INSTRUCTION" missed="0" covered="3"/><counter type="LINE" missed="0" covered="1"/><counter type="COMPLEXITY" missed="0" covered="1"/><counter type="METHOD" missed="0" covered="1"/></method><method name="setIncremental" desc="(Ljava/lang/Boolean;)Lde/eitco/cicd/typescript/maven/plugin/CompilerOptions;" line="910"><counter type="INSTRUCTION" missed="5" covered="0"/><counter type="LINE" missed="2" covered="0"/><counter type="COMPLEXITY" missed="1" covered="0"/><counter type="METHOD" missed="1" covered="0"/></method><method name="getTsBuildInfoFile" desc="()Ljava/lang/String;" line="915"><counter type="INSTRUCTION" missed="0" covered="3"/><counter type="LINE" missed="0" covered="1"/><counter type="COMPLEXITY" missed="0" covered="1"/><counter type="METHOD" missed="0" covered="1"/></method><method name="setTsBuildInfoFile" desc="(Ljava/lang/String;)Lde/eitco/cicd/typescript/maven/plugin/CompilerOptions;" line="919"><counter type="INSTRUCTION" missed="5" covered="0"/><counter type="LINE" missed="2" covered="0"/><counter type="COMPLEXITY" missed="1" covered="0"/><counter type="METHOD" missed="1" covered="0"/></method><method name="getNoErrorTruncation" desc="()Ljava/lang/Boolean;" line="924"><counter type="INSTRUCTION" missed="0" covered="3"/><counter type="LINE" missed="0" covered="1"/><counter type="COMPLEXITY" missed="0" covered="1"/><counter type="METHOD" missed="0" covered="1"/></method><method name="setNoErrorTruncation" desc="(Ljava/lang/Boolean;)Lde/eitco/cicd/typescript/maven/plugin/CompilerOptions;" line="928"><counter type="INSTRUCTION" missed="5" covered="0"/><counter type="LINE" missed="2" covered="0"/><counter type="COMPLEXITY" missed="1" covered="0"/><counter type="METHOD" missed="1" covered="0"/></method><method name="getPreserveWatchOutput" desc="()Ljava/lang/Boolean;" line="933"><counter type="INSTRUCTION" missed="0" covered="3"/><counter type="LINE" missed="0" covered="1"/><counter type="COMPLEXITY" missed="0" covered="1"/><counter type="METHOD" missed="0" covered="1"/></method><method name="setPreserveWatchOutput" desc="(Ljava/lang/Boolean;)Lde/eitco/cicd/typescript/maven/plugin/CompilerOptions;" line="937"><counter type="INSTRUCTION" missed="5" covered="0"/><counter type="LINE" missed="2" covered="0"/><counter type="COMPLEXITY" missed="1" covered="0"/><counter type="METHOD" missed="1" covered="0"/></method><method name="getPretty" desc="()Ljava/lang/Boolean;" line="942"><counter type="INSTRUCTION" missed="0" covered="3"/><counter type="LINE" missed="0" covered="1"/><counter type="COMPLEXITY" missed="0" covered="1"/><counter type="METHOD" missed="0" covered="1"/></method><method name="setPretty" desc="(Ljava/lang/Boolean;)Lde/eitco/cicd/typescript/maven/plugin/CompilerOptions;" line="946"><counter type="INSTRUCTION" missed="5" covered="0"/><counter type="LINE" missed="2" covered="0"/><counter type="COMPLEXITY" missed="1" covered="0"/><counter type="METHOD" missed="1" covered="0"/></method><method name="getSkipDefaultLibCheck" desc="()Ljava/lang/Boolean;" line="951"><counter type="INSTRUCTION" missed="0" covered="3"/><counter type="LINE" missed="0" covered="1"/><counter type="COMPLEXITY" missed="0" covered="1"/><counter type="METHOD" missed="0" covered="1"/></method><method name="setSkipDefaultLibCheck" desc="(Ljava/lang/Boolean;)Lde/eitco/cicd/typescript/maven/plugin/CompilerOptions;" line="955"><counter type="INSTRUCTION" missed="5" covered="0"/><counter type="LINE" missed="2" covered="0"/><counter type="COMPLEXITY" missed="1" covered="0"/><counter type="METHOD" missed="1" covered="0"/></method><method name="getSkipLibCheck" desc="()Ljava/lang/Boolean;" line="960"><counter type="INSTRUCTION" missed="0" covered="3"/><counter type="LINE" missed="0" covered="1"/><counter type="COMPLEXITY" missed="0" covered="1"/><counter type="METHOD" missed="0" covered="1"/></method><method name="setSkipLibCheck" desc="(Ljava/lang/Boolean;)Lde/eitco/cicd/typescript/maven/plugin/CompilerOptions;" line="964"><counter type="INSTRUCTION" missed="5" covered="0"/><counter type="LINE" missed="2" covered="0"/><counter type="COMPLEXITY" missed="1" covered="0"/><counter type="METHOD" missed="1" covered="0"/></method><counter type="INSTRUCTION" missed="429" covered="333"/><counter type="LINE" missed="172" covered="114"/><counter type="COMPLEXITY" missed="86" covered="105"/><counter type="METHOD" missed="86" covered="105"/><counter type="CLASS" missed="0" covered="1"/></class><class name="de/eitco/cicd/typescript/maven/plugin/NpmCompileMojo" sourcefilename="NpmCompileMojo.java"><method name="&lt;init&gt;" desc="()V" line="19"><counter type="INSTRUCTION" missed="0" covered="3"/><counter type="LINE" missed="0" covered="1"/><counter type="COMPLEXITY" missed="0" covered="1"/><counter type="METHOD" missed="0" covered="1"/></method><method name="getArguments" desc="()Ljava/lang/String;" line="22"><counter type="INSTRUCTION" missed="0" covered="2"/><counter type="LI
[...]
><line nr="244" mi="0" ci="2" mb="0" cb="0"/><counter type="INSTRUCTION" missed="90" covered="262"/><counter type="BRANCH" missed="7" covered="13"/><counter type="LINE" missed="18" covered="59"/><counter type="COMPLEXITY" missed="10" covered="20"/><counter type="METHOD" missed="4" covered="16"/><counter type="CLASS" missed="0" covered="1"/></sourcefile><sourcefile name="AngularCompilerOptions.java"><line nr="6" mi="0" ci="3" mb="0" cb="0"/><line nr="47" mi="0" ci="3" mb="0" cb="0"/><line nr="51" mi="0" ci="3" mb="0" cb="0"/><line nr="55" mi="0" ci="3" mb="0" cb="0"/><line nr="59" mi="0" ci="3" mb="0" cb="0"/><line nr="63" mi="0" ci="3" mb="0" cb="0"/><line nr="67" mi="0" ci="3" mb="0" cb="0"/><line nr="71" mi="0" ci="3" mb="0" cb="0"/><line nr="75" mi="0" ci="3" mb="0" cb="0"/><line nr="79" mi="0" ci="3" mb="0" cb="0"/><line nr="83" mi="0" ci="3" mb="0" cb="0"/><line nr="87" mi="0" ci="3" mb="0" cb="0"/><line nr="91" mi="0" ci="3" mb="0" cb="0"/><line nr="95" mi="0" ci="3" mb="0" cb="0"/><line nr="99" mi="0" ci="3" mb="0" cb="0"/><line nr="103" mi="0" ci="3" mb="0" cb="0"/><line nr="107" mi="0" ci="3" mb="0" cb="0"/><line nr="111" mi="0" ci="3" mb="0" cb="0"/><line nr="115" mi="0" ci="3" mb="0" cb="0"/><line nr="119" mi="0" ci="3" mb="0" cb="0"/><line nr="123" mi="3" ci="0" mb="0" cb="0"/><line nr="124" mi="1" ci="0" mb="0" cb="0"/><line nr="127" mi="3" ci="0" mb="0" cb="0"/><line nr="128" mi="1" ci="0" mb="0" cb="0"/><line nr="131" mi="3" ci="0" mb="0" cb="0"/><line nr="132" mi="1" ci="0" mb="0" cb="0"/><line nr="135" mi="3" ci="0" mb="0" cb="0"/><line nr="136" mi="1" ci="0" mb="0" cb="0"/><line nr="139" mi="3" ci="0" mb="0" cb="0"/><line nr="140" mi="1" ci="0" mb="0" cb="0"/><line nr="143" mi="3" ci="0" mb="0" cb="0"/><line nr="144" mi="1" ci="0" mb="0" cb="0"/><line nr="147" mi="3" ci="0" mb="0" cb="0"/><line nr="148" mi="1" ci="0" mb="0" cb="0"/><line nr="151" mi="3" ci="0" mb="0" cb="0"/><line nr="152" mi="1" ci="0" mb="0" cb="0"/><line nr="155" mi="3" ci="0" mb="0" cb="0"/><line nr="156" mi="1" ci="0" mb="0" cb="0"/><line nr="159" mi="3" ci="0" mb="0" cb="0"/><line nr="160" mi="1" ci="0" mb="0" cb="0"/><line nr="163" mi="3" ci="0" mb="0" cb="0"/><line nr="164" mi="1" ci="0" mb="0" cb="0"/><line nr="167" mi="3" ci="0" mb="0" cb="0"/><line nr="168" mi="1" ci="0" mb="0" cb="0"/><line nr="171" mi="3" ci="0" mb="0" cb="0"/><line nr="172" mi="1" ci="0" mb="0" cb="0"/><line nr="175" mi="3" ci="0" mb="0" cb="0"/><line nr="176" mi="1" ci="0" mb="0" cb="0"/><line nr="179" mi="3" ci="0" mb="0" cb="0"/><line nr="180" mi="1" ci="0" mb="0" cb="0"/><line nr="183" mi="3" ci="0" mb="0" cb="0"/><line nr="184" mi="1" ci="0" mb="0" cb="0"/><line nr="187" mi="3" ci="0" mb="0" cb="0"/><line nr="188" mi="1" ci="0" mb="0" cb="0"/><line nr="191" mi="3" ci="0" mb="0" cb="0"/><line nr="192" mi="1" ci="0" mb="0" cb="0"/><line nr="195" mi="3" ci="0" mb="0" cb="0"/><line nr="196" mi="1" ci="0" mb="0" cb="0"/><counter type="INSTRUCTION" missed="76" covered="60"/><counter type="LINE" missed="38" covered="20"/><counter type="COMPLEXITY" missed="19" covered="20"/><counter type="METHOD" missed="19" covered="20"/><counter type="CLASS" missed="0" covered="1"/></sourcefile><sourcefile name="CompilerOptions.java"><line nr="16" mi="0" ci="3" mb="0" cb="0"/><line nr="115" mi="0" ci="3" mb="0" cb="0"/><line nr="119" mi="3" ci="0" mb="0" cb="0"/><line nr="120" mi="2" ci="0" mb="0" cb="0"/><line nr="124" mi="0" ci="3" mb="0" cb="0"/><line nr="128" mi="3" ci="0" mb="0" cb="0"/><line nr="129" mi="2" ci="0" mb="0" cb="0"/><line nr="133" mi="0" ci="3" mb="0" cb="0"/><line nr="137" mi="3" ci="0" mb="0" cb="0"/><line nr="138" mi="2" ci="0" mb="0" cb="0"/><line nr="142" mi="0" ci="3" mb="0" cb="0"/><line nr="146" mi="3" ci="0" mb="0" cb="0"/><line nr="147" mi="2" ci="0" mb="0" cb="0"/><line nr="151" mi="0" ci="3" mb="0" cb="0"/><line nr="155" mi="3" ci="0" mb="0" cb="0"/><line nr="156" mi="2" ci="0" mb="0" cb="0"/><line nr="160" mi="0" ci="3" mb="0" cb="0"/><line nr="164" mi="3" ci="0" mb="0" cb="0"/><line nr="165" mi="2" ci="0" mb="0" cb="0"/><line nr="169" mi="0" ci="3" mb="0" cb="0"/><line nr="173" mi="3" ci="0" mb="0" cb="0"/><line nr="174" mi="2" ci="0" mb="0" cb="0"/><line nr="178" mi="0" ci="3" mb="0" cb="0"/><line nr="182" mi="3" ci="0" mb="0" cb="0"/><line nr="183" mi="2" ci="0" mb="0" cb="0"/><line nr="187" mi="0" ci="3" mb="0" cb="0"/><line nr="191" mi="3" ci="0" mb="0" cb="0"/><line nr="192" mi="2" ci="0" mb="0" cb="0"/><line nr="196" mi="0" ci="3" mb="0" cb="0"/><line nr="200" mi="3" ci="0" mb="0" cb="0"/><line nr="201" mi="2" ci="0" mb="0" cb="0"/><line nr="205" mi="0" ci="3" mb="0" cb="0"/><line nr="209" mi="3" ci="0" mb="0" cb="0"/><line nr="210" mi="2" ci="0" mb="0" cb="0"/><line nr="214" mi="0" ci="3" mb="0" cb="0"/><line nr="218" mi="3" ci="0" mb="0" cb="0"/><line nr="219" mi="2" ci="0" mb="0" cb="0"/><line nr="223" mi="0" ci="3" mb="0" cb="0"/><line nr="227" mi="3" ci="0" mb="0" cb="0"/><line nr="228" mi="2" ci="0" mb="0" cb="0"/><line nr="232" mi="0" ci="3" mb="0" cb="0"/><line nr="236" mi="3" ci="0" mb="0" cb="0"/><line nr="237" mi="2" ci="0" mb="0" cb="0"/><line nr="241" mi="0" ci="3" mb="0" cb="0"/><line nr="245" mi="3" ci="0" mb="0" cb="0"/><line nr="246" mi="2" ci="0" mb="0" cb="0"/><line nr="250" mi="0" ci="3" mb="0" cb="0"/><line nr="254" mi="3" ci="0" mb="0" cb="0"/><line nr="255" mi="2" ci="0" mb="0" cb="0"/><line nr="259" mi="0" ci="3" mb="0" cb="0"/><line nr="263" mi="3" ci="0" mb="0" cb="0"/><line nr="264" mi="2" ci="0" mb="0" cb="0"/><line nr="268" mi="0" ci="3" mb="0" cb="0"/><line nr="272" mi="3" ci="0" mb="0" cb="0"/><line nr="273" mi="2" ci="0" mb="0" cb="0"/><line nr="277" mi="0" ci="3" mb="0" cb="0"/><line nr="281" mi="3" ci="0" mb="0" cb="0"/><line nr="282" mi="2" ci="0" mb="0" cb="0"/><line nr="286" mi="0" ci="3" mb="0" cb="0"/><line nr="290" mi="3" ci="0" mb="0" cb="0"/><line nr="291" mi="2" ci="0" mb="0" cb="0"/><line nr="295" mi="0" ci="3" mb="0" cb="0"/><line nr="299" mi="3" ci="0" mb="0" cb="0"/><line nr="300" mi="2" ci="0" mb="0" cb="0"/><line nr="304" mi="0" ci="3" mb="0" cb="0"/><line nr="308" mi="0" ci="3" mb="0" cb="0"/><line nr="309" mi="0" ci="2" mb="0" cb="0"/><line nr="313" mi="0" ci="3" mb="0" cb="0"/><line nr="317" mi="0" ci="3" mb="0" cb="0"/><line nr="318" mi="0" ci="2" mb="0" cb="0"/><line nr="322" mi="0" ci="3" mb="0" cb="0"/><line nr="326" mi="3" ci="0" mb="0" cb="0"/><line nr="327" mi="2" ci="0" mb="0" cb="0"/><line nr="331" mi="0" ci="3" mb="0" cb="0"/><line nr="335" mi="3" ci="0" mb="0" cb="0"/><line nr="336" mi="1" ci="0" mb="0" cb="0"/><line nr="339" mi="0" ci="3" mb="0" cb="0"/><line nr="343" mi="3" ci="0" mb="0" cb="0"/><line nr="344" mi="2" ci="0" mb="0" cb="0"/><line nr="348" mi="0" ci="3" mb="0" cb="0"/><line nr="352" mi="3" ci="0" mb="0" cb="0"/><line nr="353" mi="2" ci="0" mb="0" cb="0"/><line nr="357" mi="0" ci="3" mb="0" cb="0"/><line nr="361" mi="3" ci="0" mb="0" cb="0"/><line nr="362" mi="2" ci="0" mb="0" cb="0"/><line nr="366" mi="0" ci="3" mb="0" cb="0"/><line nr="370" mi="3" ci="0" mb="0" cb="0"/><line nr="371" mi="2" ci="0" mb="0" cb="0"/><line nr="375" mi="0" ci="3" mb="0" cb="0"/><line nr="379" mi="3" ci="0" mb="0" cb="0"/><line nr="380" mi="2" ci="0" mb="0" cb="0"/><line nr="384" mi="0" ci="3" mb="0" cb="0"/><line nr="388" mi="0" ci="3" mb="0" cb="0"/><line nr="389" mi="0" ci="2" mb="0" cb="0"/><line nr="393" mi="0" ci="3" mb="0" cb="0"/><line nr="397" mi="3" ci="0" mb="0" cb="0"/><line nr="398" mi="2" ci="0" mb="0" cb="0"/><line nr="402" mi="0" ci="3" mb="0" cb="0"/><line nr="406" mi="3" ci="0" mb="0" cb="0"/><line nr="407" mi="2" ci="0" mb="0" cb="0"/><line nr="411" mi="0" ci="3" mb="0" cb="0"/><line nr="415" mi="3" ci="0" mb="0" cb="0"/><line nr="416" mi="2" ci="0" mb="0" cb="0"/><line nr="420" mi="0" ci="3" mb="0" cb="0"/><line nr="424" mi="3" ci="0" mb="0" cb="0"/><line nr="425" mi="2" ci="0" mb="0" cb="0"/><line nr="429" mi="0" ci="3" mb="0" cb="0"/><line nr="433" mi="3" ci="0" mb="0" cb="0"/><line nr="434" mi="2" ci="0" mb="0" cb="0"/><line nr="438" mi="0" ci="3" mb="0" cb="0"/><line nr="442" mi="3" ci="0" mb="0" cb="0"/><line nr="443" mi="2" ci="0" mb="0" cb="0"/><line nr="447" mi="0" ci="3" mb="0" cb="0"/><line nr="451" mi="3" ci="0" mb="0" cb="0"/><line nr="452" mi="2" ci="0" mb="0" cb="0"/><line nr="456" mi="0" ci="3" mb="0" cb="0"/><line nr="460" mi="3" ci="0" mb="0" cb="0"/><line nr="461" mi="2" ci="0" mb="0" cb="0"/><line nr="465" mi="0" ci="3" mb="0" cb="0"/><line nr="469" mi="3" ci="0" mb="0" cb="0"/><line nr="470" mi="2" ci="0" mb="0" cb="0"/><line nr="474" mi="0" ci="3" mb="0" cb="0"/><line nr="478" mi="3" ci="0" mb="0" cb="0"/><line nr="479" mi="2" ci="0" mb="0" cb="0"/><line nr="483" mi="0" ci="3" mb="0" cb="0"/><line nr="487" mi="3" ci="0" mb="0" cb="0"/><line nr="488" mi="2" ci="0" mb="0" cb="0"/><line nr="492" mi="0" ci="3" mb="0" cb="0"/><line nr="496" mi="3" ci="0" mb="0" cb="0"/><line nr="497" mi="2" ci="0" mb="0" cb="0"/><line nr="501" mi="0" ci="3" mb="0" cb="0"/><line nr="505" mi="3" ci="0" mb="0" cb="0"/><line nr="506" mi="2" ci="0" mb="0" cb="0"/><line nr="510" mi="0" ci="3" mb="0" cb="0"/><line nr="514" mi="3" ci="0" mb="0" cb="0"/><line nr="515" mi="2" ci="0" mb="0" cb="0"/><line nr="519" mi="0" ci="3" mb="0" cb="0"/><line nr="523" mi="0" ci="3" mb="0" cb="0"/><line nr="524" mi="0" ci="2" mb="0" cb="0"/><line nr="528" mi="0" ci="3" mb="0" cb="0"/><line nr="532" mi="3" ci="0" mb="0" cb="0"/><line nr="533" mi="2" ci="0" mb="0" cb="0"/><line nr="537" mi="0" ci="3" mb="0" cb="0"/><line nr="541" mi="3" ci="0" mb="0" cb="0"/><line nr="542" mi="2" ci="0" mb="0" cb="0"/><line nr="546" mi="0" ci="3" mb="0" cb="0"/><line nr="550" mi="3" ci="0" mb="0" cb="0"/><line nr="551" mi="2" ci="0" mb="0" cb="0"/><line nr="555" mi="0" ci="3" mb="0" cb="0"/><line nr="559" mi="3" ci="0" mb="0" cb="0"/><line nr="560" mi="2" ci="0" mb="0" cb="0"/><line nr="564" mi="0" ci="3" mb="0" cb="0"/><line nr="568" mi="0" ci="3" mb="0" cb="0"/><line nr="569" mi="0" ci="2" mb="0" cb="0"/><line nr="573" mi="0" ci="3" mb="0" cb="0"/><line nr="577" mi="3" ci="0" mb="0" cb="0"/><line nr="578" mi="2" ci="0" mb="0" cb="0"/><line nr="582" mi="0" ci="3" mb="0" cb="0"/><line nr="586" mi="3" ci="0" mb="0" cb="0"/><line nr="587" mi="2" ci="0" mb="0" cb="0"/><line nr="591" mi="0" ci="3" mb="0" cb="0"/><line nr="595" mi="3" ci="0" mb="0" cb="0"/><line nr="596" mi="2" ci="0" mb="0" cb="0"/><line nr="600" mi="0" ci="3" mb="0" cb="0"/><line nr="604" mi="3" ci="0" mb="0" cb="0"/><line nr="605" mi="2" ci="0" mb="0" cb="0"/><line nr="609" mi="0" ci="3" mb="0" cb="0"/><line nr="613" mi="3" ci="0" mb="0" cb="0"/><line nr="614" mi="2" ci="0" mb="0" cb="0"/><line nr="618" mi="0" ci="3" mb="0" cb="0"/><line nr="622" mi="3" ci="0" mb="0" cb="0"/><line nr="623" mi="2" ci="0" mb="0" cb="0"/><line nr="627" mi="0" ci="3" mb="0" cb="0"/><line nr="631" mi="3" ci="0" mb="0" cb="0"/><line nr="632" mi="2" ci="0" mb="0" cb="0"/><line nr="636" mi="0" ci="3" mb="0" cb="0"/><line nr="640" mi="0" ci="3" mb="0" cb="0"/><line nr="641" mi="0" ci="2" mb="0" cb="0"/><line nr="645" mi="0" ci="3" mb="0" cb="0"/><line nr="649" mi="3" ci="0" mb="0" cb="0"/><line nr="650" mi="2" ci="0" mb="0" cb="0"/><line nr="654" mi="0" ci="3" mb="0" cb="0"/><line nr="658" mi="3" ci="0" mb="0" cb="0"/><line nr="659" mi="2" ci="0" mb="0" cb="0"/><line nr="663" mi="0" ci="3" mb="0" cb="0"/><line nr="667" mi="3" ci="0" mb="0" cb="0"/><line nr="668" mi="2" ci="0" mb="0" cb="0"/><line nr="672" mi="0" ci="3" mb="0" cb="0"/><line nr="676" mi="3" ci="0" mb="0" cb="0"/><line nr="677" mi="2" ci="0" mb="0" cb="0"/><line nr="681" mi="0" ci="3" mb="0" cb="0"/><line nr="685" mi="3" ci="0" mb="0" cb="0"/><line nr="686" mi="2" ci="0" mb="0" cb="0"/><line nr="690" mi="0" ci="3" mb="0" cb="0"/><line nr="694" mi="3" ci="0" mb="0" cb="0"/><line nr="695" mi="2" ci="0" mb="0" cb="0"/><line nr="699" mi="0" ci="3" mb="0" cb="0"/><line nr="703" mi="3" ci="0" mb="0" cb="0"/><line nr="704" mi="2" ci="0" mb="0" cb="0"/><line nr="708" mi="0" ci="3" mb="0" cb="0"/><line nr="712" mi="3" ci="0" mb="0" cb="0"/><line nr="713" mi="2" ci="0" mb="0" cb="0"/><line nr="717" mi="0" ci="3" mb="0" cb="0"/><line nr="721" mi="3" ci="0" mb="0" cb="0"/><line nr="722" mi="2" ci="0" mb="0" cb="0"/><line nr="726" mi="0" ci="3" mb="0" cb="0"/><line nr="730" mi="0" ci="3" mb="0" cb="0"/><line nr="731" mi="0" ci="2" mb="0" cb="0"/><line nr="735" mi="0" ci="3" mb="0" cb="0"/><line nr="739" mi="3" ci="0" mb="0" cb="0"/><line nr="740" mi="2" ci="0" mb="0" cb="0"/><line nr="744" mi="0" ci="3" mb="0" cb="0"/><line nr="748" mi="3" ci="0" mb="0" cb="0"/><line nr="749" mi="2" ci="0" mb="0" cb="0"/><line nr="753" mi="0" ci="3" mb="0" cb="0"/><line nr="757" mi="3" ci="0" mb="0" cb="0"/><line nr="758" mi="2" ci="0" mb="0" cb="0"/><line nr="762" mi="0" ci="3" mb="0" cb="0"/><line nr="766" mi="3" ci="0" mb="0" cb="0"/><line nr="767" mi="2" ci="0" mb="0" cb="0"/><line nr="771" mi="0" ci="3" mb="0" cb="0"/><line nr="775" mi="0" ci="3" mb="0" cb="0"/><line nr="776" mi="0" ci="2" mb="0" cb="0"/><line nr="780" mi="0" ci="3" mb="0" cb="0"/><line nr="784" mi="3" ci="0" mb="0" cb="0"/><line nr="785" mi="2" ci="0" mb="0" cb="0"/><line nr="789" mi="0" ci="3" mb="0" cb="0"/><line nr="793" mi="3" ci="0" mb="0" cb="0"/><line nr="794" mi="2" ci="0" mb="0" cb="0"/><line nr="798" mi="0" ci="3" mb="0" cb="0"/><line nr="802" mi="0" ci="3" mb="0" cb="0"/><line nr="803" mi="0" ci="2" mb="0" cb="0"/><line nr="807" mi="0" ci="3" mb="0" cb="0"/><line nr="811" mi="3" ci="0" mb="0" cb="0"/><line nr="812" mi="2" ci="0" mb="0" cb="0"/><line nr="816" mi="0" ci="3" mb="0" cb="0"/><line nr="820" mi="3" ci="0" mb="0" cb="0"/><line nr="821" mi="2" ci="0" mb="0" cb="0"/><line nr="825" mi="0" ci="3" mb="0" cb="0"/><line nr="829" mi="3" ci="0" mb="0" cb="0"/><line nr="830" mi="2" ci="0" mb="0" cb="0"/><line nr="834" mi="0" ci="3" mb="0" cb="0"/><line nr="838" mi="3" ci="0" mb="0" cb="0"/><line nr="839" mi="2" ci="0" mb="0" cb="0"/><line nr="843" mi="0" ci="3" mb="0" cb="0"/><line nr="847" mi="3" ci="0" mb="0" cb="0"/><line nr="848" mi="2" ci="0" mb="0" cb="0"/><line nr="852" mi="0" ci="3" mb="0" cb="0"/><line nr="856" mi="3" ci="0" mb="0" cb="0"/><line nr="857" mi="2" ci="0" mb="0" cb="0"/><line nr="861" mi="0" ci="3" mb="0" cb="0"/><line nr="865" mi="3" ci="0" mb="0" cb="0"/><line nr="866" mi="2" ci="0" mb="0" cb="0"/><line nr="870" mi="0" ci="3" mb="0" cb="0"/><line nr="874" mi="3" ci="0" mb="0" cb="0"/><line nr="875" mi="2" ci="0" mb="0" cb="0"/><line nr="879" mi="0" ci="3" mb="0" cb="0"/><line nr="883" mi="3" ci="0" mb="0" cb="0"/><line nr="884" mi="2" ci="0" mb="0" cb="0"/><line nr="888" mi="0" ci="3" mb="0" cb="0"/><line nr="892" mi="3" ci="0" mb="0" cb="0"/><line nr="893" mi="2" ci="0" mb="0" cb="0"/><line nr="897" mi="0" ci="3" mb="0" cb="0"/><line nr="901" mi="3" ci="0" mb="0" cb="0"/><line nr="902" mi="2" ci="0" mb="0" cb="0"/><line nr="906" mi="0" ci="3" mb="0" cb="0"/><line nr="910" mi="3" ci="0" mb="0" cb="0"/><line nr="911" mi="2" ci="0" mb="0" cb="0"/><line nr="915" mi="0" ci="3" mb="0" cb="0"/><line nr="919" mi="3" ci="0" mb="0" cb="0"/><line nr="920" mi="2" ci="0" mb="0" cb="0"/><line nr="924" mi="0" ci="3" mb="0" cb="0"/><line nr="928" mi="3" ci="0" mb="0" cb="0"/><line nr="929" mi="2" ci="0" mb="0" cb="0"/><line nr="933" mi="0" ci="3" mb="0" cb="0"/><line nr="937" mi="3" ci="0" mb="0" cb="0"/><line nr="938" mi="2" ci="0" mb="0" cb="0"/><line nr="942" mi="0" ci="3" mb="0" cb="0"/><line nr="946" mi="3" ci="0" mb="0" cb="0"/><line nr="947" mi="2" ci="0" mb="0" cb="0"/><line nr="951" mi="0" ci="3" mb="0" cb="0"/><line nr="955" mi="3" ci="0" mb="0" cb="0"/><line nr="956" mi="2" ci="0" mb="0" cb="0"/><line nr="960" mi="0" ci="3" mb="0" cb="0"/><line nr="964" mi="3" ci="0" mb="0" cb="0"/><line nr="965" mi="2" ci="0" mb="0" cb="0"/><counter type="INSTRUCTION" missed="429" covered="333"/><counter type="LINE" missed="172" covered="114"/><counter type="COMPLEXITY" missed="86" covered="105"/><counter type="METHOD" missed="86" covered="105"/><counter type="CLASS" missed="0" covered="1"/></sourcefile><sourcefile name="GenerateNpmProjectMojo.java"><line nr="30" mi="0" ci="3" mb="0" cb="0"/><line nr="36" mi="1" ci="0" mb="0" cb="0"/><line nr="43" mi="0" ci="3" mb="0" cb="0"/><line nr="45" mi="0" ci="2" mb="0" cb="0"/><line nr="47" mi="0" ci="3" mb="0" cb="2"/><line nr="49" mi="0" ci="4" mb="1" cb="1"/><line nr="51" mi="4" ci="0" mb="2" cb="0"/><line nr="53" mi="7" ci="0" mb="0" cb="0"/><line nr="56" mi="4" ci="0" mb="2" cb="0"/><line nr="58" mi="8" ci="0" mb="0" cb="0"/><line nr="63" mi="0" ci="7" mb="0" cb="0"/><line nr="65" mi="0" ci="4" mb="0" cb="0"/><line nr="69" mi="0" ci="3" mb="0" cb="0"/><line nr="71" mi="0" ci="9" mb="0" cb="0"/><line nr="73" mi="0" ci="3" mb="0" cb="0"/><line nr="75" mi="0" ci="3" mb="0" cb="0"/><line nr="76" mi="0" ci="9" mb="0" cb="0"/><line nr="78" mi="0" ci="6" mb="0" cb="0"/><line nr="79" mi="0" ci="5" mb="0" cb="0"/><line nr="80" mi="0" ci="4" mb="0" cb="0"/><line nr="81" mi="0" ci="7" mb="0" cb="0"/><line nr="83" mi="0" ci="9" mb="0" cb="0"/><line nr="85" mi="0" ci="6" mb="0" cb="0"/><line nr="86" mi="0" ci="4" mb="0" cb="0"/><line nr="87" mi="0" ci="5" mb="0" cb="0"/><line nr="88" mi="0" ci="9" mb="0" cb="0"/><line nr="90" mi="1" ci="0" mb="0" cb="0"/><line nr="92" mi="7" ci="0" mb="0" cb="0"/><line nr="93" mi="0" ci="1" mb="0" cb="0"/><line nr="95" mi="0" ci="1" mb="0" cb="0"/><counter type="INSTRUCTION" missed="32" covered="110"/><counter type="BRANCH" missed="5" covered="3"/><counter type="LINE" missed="7" covered="23"/><counter type="COMPLEXITY" missed="4" covered="3"/><counter type="METHOD" missed="1" covered="2"/><counter type="CLASS" missed="0" covered="1"/></sourcefile><sourcefile name="TsConfig.java"><line nr="16" mi="0" ci="3" mb="0" cb="0"/><line nr="34" mi="0" ci="4" mb="0" cb="0"/><line nr="36" mi="0" ci="4" mb="0" cb="0"/><line nr="37" mi="0" ci="4" mb="0" cb="0"/><line nr="39" mi="0" ci="2" mb="0" cb="0"/><line nr="44" mi="0" ci="4" mb="0" cb="0"/><line nr="46" mi="0" ci="4" mb="0" cb="0"/><line nr="47" mi="0" ci="4" mb="0" cb="0"/><line nr="48" mi="0" ci="4" mb="0" cb="0"/><line nr="50" mi="0" ci="2" mb="0" cb="0"/><line nr="54" mi="0" ci="3" mb="0" cb="0"/><line nr="58" mi="0" ci="3" mb="0" cb="0"/><line nr="59" mi="0" ci="2" mb="0" cb="0"/><line nr="63" mi="0" ci="3" mb="0" cb="0"/><line nr="67" mi="3" ci="0" mb="0" cb="0"/><line nr="68" mi="2" ci="0" mb="0" cb="0"/><line nr="72" mi="0" ci="3" mb="0" cb="0"/><line nr="76" mi="0" ci="3" mb="0" cb="0"/><line nr="77" mi="0" ci="2" mb="0" cb="0"/><line nr="81" mi="0" ci="3" mb="0" cb="0"/><line nr="85" mi="0" ci="3" mb="0" cb="0"/><line nr="86" mi="0" ci="2" mb="0" cb="0"/><line nr="90" mi="0" ci="3" mb="0" cb="0"/><line nr="94" mi="0" ci="3" mb="0" cb="0"/><line nr="95" mi="0" ci="2" mb="0" cb="0"/><line nr="99" mi="0" ci="3" mb="0" cb="0"/><line nr="103" mi="3" ci="0" mb="0" cb="0"/><line nr="104" mi="2" ci="0" mb="0" cb="0"/><line nr="108" mi="0" ci="3" mb="0" cb="0"/><line nr="112" mi="0" ci="3" mb="0" cb="0"/><line nr="113" mi="0" ci="1" mb="0" cb="0"/><counter type="INSTRUCTION" missed="10" covered="80"/><counter type="LINE" missed="4" covered="27"/><counter type="COMPLEXITY" missed="2" covered="15"/><counter type="METHOD" missed="2" covered="15"/><counter type="CLASS" missed="0" covered="1"/></sourcefile><counter type="INSTRUCTION" missed="961" covered="1661"/><counter type="BRANCH" missed="44" covered="44"/><counter type="LINE" missed="316" covered="440"/><counter type="COMPLEXITY" missed="168" covered="227"/><counter type="METHOD" missed="136" covered="215"/><counter type="CLASS" missed="6" covered="16"/></package><counter type="INSTRUCTION" missed="1734" covered="1661"/><counter type="BRANCH" missed="156" covered="44"/><counter type="LINE" missed="472" covered="440"/><counter type="COMPLEXITY" missed="240" covered="227"/><counter type="METHOD" missed="152" covered="215"/><counter type="CLASS" missed="7" covered="16"/></report>